mode: set
unciv-mod-manager/internal/app/app.go:67.37,68.35 1 1
unciv-mod-manager/internal/app/app.go:68.35,70.3 1 1
unciv-mod-manager/internal/app/app.go:71.2,71.16 1 1
unciv-mod-manager/internal/app/app.go:120.20,120.37 1 0
unciv-mod-manager/internal/app/app.go:122.44,127.2 4 0
unciv-mod-manager/internal/app/app.go:129.28,136.2 2 0
unciv-mod-manager/internal/app/app.go:138.28,140.13 2 0
unciv-mod-manager/internal/app/app.go:140.13,142.3 1 0
unciv-mod-manager/internal/app/app.go:143.2,145.56 3 0
unciv-mod-manager/internal/app/app.go:145.56,147.3 1 0
unciv-mod-manager/internal/app/app.go:148.2,148.29 1 0
unciv-mod-manager/internal/app/app.go:148.29,150.3 1 0
unciv-mod-manager/internal/app/app.go:151.2,151.32 1 0
unciv-mod-manager/internal/app/app.go:151.32,153.3 1 0
unciv-mod-manager/internal/app/app.go:154.2,154.26 1 0
unciv-mod-manager/internal/app/app.go:154.26,156.3 1 0
unciv-mod-manager/internal/app/app.go:157.2,157.38 1 0
unciv-mod-manager/internal/app/app.go:157.38,159.3 1 0
unciv-mod-manager/internal/app/app.go:160.2,160.31 1 0
unciv-mod-manager/internal/app/app.go:160.31,162.3 1 0
unciv-mod-manager/internal/app/app.go:163.2,163.35 1 0
unciv-mod-manager/internal/app/app.go:163.35,165.3 1 0
unciv-mod-manager/internal/app/app.go:168.34,169.23 1 0
unciv-mod-manager/internal/app/app.go:169.23,171.3 1 0
unciv-mod-manager/internal/app/app.go:172.2,174.47 3 0
unciv-mod-manager/internal/app/app.go:177.40,177.59 1 0
unciv-mod-manager/internal/app/app.go:179.50,182.2 2 0
unciv-mod-manager/internal/app/app.go:184.47,187.40 3 0
unciv-mod-manager/internal/app/app.go:187.40,188.16 1 0
unciv-mod-manager/internal/app/app.go:188.16,190.4 1 0
unciv-mod-manager/internal/app/app.go:192.2,193.23 2 0
unciv-mod-manager/internal/app/app.go:196.38,196.59 1 0
unciv-mod-manager/internal/app/app.go:199.47,202.16 3 0
unciv-mod-manager/internal/app/app.go:202.16,204.3 1 0
unciv-mod-manager/internal/app/app.go:206.2,208.28 3 0
unciv-mod-manager/internal/app/app.go:208.28,209.56 1 0
unciv-mod-manager/internal/app/app.go:209.56,211.17 2 0
unciv-mod-manager/internal/app/app.go:211.17,212.13 1 0
unciv-mod-manager/internal/app/app.go:214.4,214.37 1 0
unciv-mod-manager/internal/app/app.go:214.37,217.5 2 0
unciv-mod-manager/internal/app/app.go:220.2,220.18 1 0
unciv-mod-manager/internal/app/app.go:220.18,222.3 1 0
unciv-mod-manager/internal/app/app.go:224.2,232.16 2 0
unciv-mod-manager/internal/app/app.go:232.16,234.3 1 0
unciv-mod-manager/internal/app/app.go:235.2,235.16 1 0
unciv-mod-manager/internal/app/app.go:235.16,237.3 1 0
unciv-mod-manager/internal/app/app.go:239.2,240.16 2 0
unciv-mod-manager/internal/app/app.go:240.16,242.3 1 0
unciv-mod-manager/internal/app/app.go:243.2,243.55 1 0
unciv-mod-manager/internal/app/app.go:243.55,245.3 1 0
unciv-mod-manager/internal/app/app.go:246.2,246.18 1 0
unciv-mod-manager/internal/app/app.go:249.43,250.16 1 0
unciv-mod-manager/internal/app/app.go:250.16,252.3 1 0
unciv-mod-manager/internal/app/app.go:253.2,253.17 1 0
unciv-mod-manager/internal/app/app.go:253.17,255.3 1 0
unciv-mod-manager/internal/app/app.go:256.2,258.14 3 0
unciv-mod-manager/internal/app/backup.go:25.68,27.40 2 0
unciv-mod-manager/internal/app/backup.go:27.40,29.3 1 0
unciv-mod-manager/internal/app/backup.go:31.2,31.19 1 0
unciv-mod-manager/internal/app/backup.go:31.19,33.3 1 0
unciv-mod-manager/internal/app/backup.go:34.2,39.44 5 0
unciv-mod-manager/internal/app/backup.go:39.44,41.3 1 0
unciv-mod-manager/internal/app/backup.go:43.2,47.17 4 0
unciv-mod-manager/internal/app/backup.go:51.50,54.16 3 0
unciv-mod-manager/internal/app/backup.go:54.16,56.3 1 0
unciv-mod-manager/internal/app/backup.go:57.2,58.28 2 0
unciv-mod-manager/internal/app/backup.go:58.28,59.17 1 0
unciv-mod-manager/internal/app/backup.go:59.17,60.12 1 0
unciv-mod-manager/internal/app/backup.go:62.3,65.53 4 0
unciv-mod-manager/internal/app/backup.go:65.53,69.35 4 0
unciv-mod-manager/internal/app/backup.go:69.35,71.5 1 0
unciv-mod-manager/internal/app/backup.go:73.3,74.102 2 0
unciv-mod-manager/internal/app/backup.go:74.102,75.87 1 0
unciv-mod-manager/internal/app/backup.go:75.87,77.5 1 0
unciv-mod-manager/internal/app/backup.go:78.4,78.14 1 0
unciv-mod-manager/internal/app/backup.go:80.3,83.5 1 0
unciv-mod-manager/internal/app/backup.go:85.2,85.42 1 0
unciv-mod-manager/internal/app/backup.go:85.42,85.96 1 0
unciv-mod-manager/internal/app/backup.go:86.2,86.21 1 0
unciv-mod-manager/internal/app/backup.go:90.54,94.16 3 0
unciv-mod-manager/internal/app/backup.go:94.16,96.3 1 0
unciv-mod-manager/internal/app/backup.go:97.2,100.21 4 0
unciv-mod-manager/internal/app/backup.go:100.21,102.3 1 0
unciv-mod-manager/internal/app/backup.go:103.2,105.43 2 0
unciv-mod-manager/internal/app/backup.go:105.43,107.79 2 0
unciv-mod-manager/internal/app/backup.go:107.79,109.4 1 0
unciv-mod-manager/internal/app/backup.go:110.3,110.23 1 0
unciv-mod-manager/internal/app/backup.go:112.2,112.54 1 0
unciv-mod-manager/internal/app/backup.go:112.54,114.3 1 0
unciv-mod-manager/internal/app/backup.go:116.2,117.12 2 0
unciv-mod-manager/internal/app/backup.go:121.53,123.2 1 0
unciv-mod-manager/internal/app/backup.go:126.49,129.2 2 0
unciv-mod-manager/internal/app/backup.go:131.44,134.16 3 0
unciv-mod-manager/internal/app/backup.go:134.16,136.3 1 0
unciv-mod-manager/internal/app/backup.go:137.2,137.56 1 0
unciv-mod-manager/internal/app/backup.go:142.38,145.16 3 0
unciv-mod-manager/internal/app/backup.go:145.16,147.3 1 0
unciv-mod-manager/internal/app/backup.go:148.2,148.28 1 0
unciv-mod-manager/internal/app/backup.go:148.28,149.17 1 0
unciv-mod-manager/internal/app/backup.go:149.17,150.12 1 0
unciv-mod-manager/internal/app/backup.go:152.3,152.67 1 0
unciv-mod-manager/internal/app/conflict.go:19.60,21.16 2 0
unciv-mod-manager/internal/app/conflict.go:21.16,23.3 1 0
unciv-mod-manager/internal/app/conflict.go:25.2,27.27 3 0
unciv-mod-manager/internal/app/conflict.go:27.27,28.85 1 0
unciv-mod-manager/internal/app/conflict.go:28.85,29.12 1 0
unciv-mod-manager/internal/app/conflict.go:31.3,31.53 1 0
unciv-mod-manager/internal/app/conflict.go:31.53,33.4 1 0
unciv-mod-manager/internal/app/conflict.go:33.9,35.4 1 0
unciv-mod-manager/internal/app/conflict.go:38.2,43.37 4 0
unciv-mod-manager/internal/app/conflict.go:43.37,44.43 1 0
unciv-mod-manager/internal/app/conflict.go:44.43,46.4 1 0
unciv-mod-manager/internal/app/conflict.go:47.3,49.11 3 0
unciv-mod-manager/internal/app/conflict.go:53.2,53.33 1 0
unciv-mod-manager/internal/app/conflict.go:53.33,54.31 1 0
unciv-mod-manager/internal/app/conflict.go:54.31,56.4 1 0
unciv-mod-manager/internal/app/conflict.go:60.2,60.31 1 0
unciv-mod-manager/internal/app/conflict.go:60.31,62.3 1 0
unciv-mod-manager/internal/app/conflict.go:64.2,69.55 2 0
unciv-mod-manager/internal/app/conflict.go:69.55,71.26 2 0
unciv-mod-manager/internal/app/conflict.go:71.26,72.30 1 0
unciv-mod-manager/internal/app/conflict.go:72.30,74.68 2 0
unciv-mod-manager/internal/app/conflict.go:74.68,76.6 1 0
unciv-mod-manager/internal/app/conflict.go:79.3,79.11 1 0
unciv-mod-manager/internal/app/conflict.go:82.2,82.33 1 0
unciv-mod-manager/internal/app/conflict.go:82.33,86.31 3 0
unciv-mod-manager/internal/app/conflict.go:86.31,91.6 1 0
unciv-mod-manager/internal/app/conflict.go:91.6,92.22 1 0
unciv-mod-manager/internal/app/conflict.go:92.22,94.6 1 0
unciv-mod-manager/internal/app/conflict.go:98.3,98.36 1 0
unciv-mod-manager/internal/app/conflict.go:98.36,101.24 3 0
unciv-mod-manager/internal/app/conflict.go:101.24,102.25 1 0
unciv-mod-manager/internal/app/conflict.go:102.25,103.14 1 0
unciv-mod-manager/internal/app/conflict.go:106.5,106.31 1 0
unciv-mod-manager/internal/app/conflict.go:106.31,107.14 1 0
unciv-mod-manager/internal/app/conflict.go:109.5,109.70 1 0
unciv-mod-manager/internal/app/conflict.go:111.4,111.24 1 0
unciv-mod-manager/internal/app/conflict.go:111.24,120.5 1 0
unciv-mod-manager/internal/app/conflict.go:125.2,125.41 1 0
unciv-mod-manager/internal/app/conflict.go:125.41,126.24 1 0
unciv-mod-manager/internal/app/conflict.go:126.24,127.12 1 0
unciv-mod-manager/internal/app/conflict.go:129.3,130.38 2 0
unciv-mod-manager/internal/app/conflict.go:130.38,131.43 1 0
unciv-mod-manager/internal/app/conflict.go:131.43,133.31 2 0
unciv-mod-manager/internal/app/conflict.go:133.31,134.14 1 0
unciv-mod-manager/internal/app/conflict.go:136.5,142.7 2 0
unciv-mod-manager/internal/app/conflict.go:148.2,149.33 2 0
unciv-mod-manager/internal/app/conflict.go:149.33,150.24 1 0
unciv-mod-manager/internal/app/conflict.go:150.24,151.24 1 0
unciv-mod-manager/internal/app/conflict.go:151.24,153.5 1 0
unciv-mod-manager/internal/app/conflict.go:156.2,156.28 1 0
unciv-mod-manager/internal/app/conflict.go:156.28,157.18 1 0
unciv-mod-manager/internal/app/conflict.go:157.18,158.12 1 0
unciv-mod-manager/internal/app/conflict.go:160.3,161.24 2 0
unciv-mod-manager/internal/app/conflict.go:161.24,163.4 1 0
unciv-mod-manager/internal/app/conflict.go:164.3,164.18 1 0
unciv-mod-manager/internal/app/conflict.go:164.18,165.12 1 0
unciv-mod-manager/internal/app/conflict.go:167.3,168.32 2 0
unciv-mod-manager/internal/app/conflict.go:168.32,169.37 1 0
unciv-mod-manager/internal/app/conflict.go:169.37,171.33 2 0
unciv-mod-manager/internal/app/conflict.go:171.33,172.14 1 0
unciv-mod-manager/internal/app/conflict.go:174.5,180.7 1 0
unciv-mod-manager/internal/app/conflict.go:188.2,190.55 2 0
unciv-mod-manager/internal/app/conflict.go:190.55,191.32 1 0
unciv-mod-manager/internal/app/conflict.go:191.32,193.5 1 0
unciv-mod-manager/internal/app/conflict.go:195.3,195.34 1 0
unciv-mod-manager/internal/app/conflict.go:195.34,196.32 1 0
unciv-mod-manager/internal/app/conflict.go:196.32,200.7 1 0
unciv-mod-manager/internal/app/conflict.go:200.7,201.76 1 0
unciv-mod-manager/internal/app/conflict.go:201.76,202.15 1 0
unciv-mod-manager/internal/app/conflict.go:204.6,209.8 1 0
unciv-mod-manager/internal/app/conflict.go:216.2,217.26 2 0
unciv-mod-manager/internal/app/conflict.go:217.26,218.48 1 0
unciv-mod-manager/internal/app/conflict.go:218.48,219.30 1 0
unciv-mod-manager/internal/app/conflict.go:219.30,220.35 1 0
unciv-mod-manager/internal/app/conflict.go:220.35,221.14 1 0
unciv-mod-manager/internal/app/conflict.go:223.5,223.82 1 0
unciv-mod-manager/internal/app/conflict.go:223.82,230.6 1 0
unciv-mod-manager/internal/app/conflict.go:235.2,235.21 1 0
unciv-mod-manager/internal/app/conflict.go:240.54,244.16 4 0
unciv-mod-manager/internal/app/conflict.go:244.16,246.3 1 0
unciv-mod-manager/internal/app/conflict.go:247.2,247.28 1 0
unciv-mod-manager/internal/app/conflict.go:247.28,248.90 1 0
unciv-mod-manager/internal/app/conflict.go:248.90,249.12 1 0
unciv-mod-manager/internal/app/conflict.go:251.3,252.17 2 0
unciv-mod-manager/internal/app/conflict.go:252.17,253.12 1 0
unciv-mod-manager/internal/app/conflict.go:255.3,261.21 4 0
unciv-mod-manager/internal/app/conflict.go:261.21,262.12 1 0
unciv-mod-manager/internal/app/conflict.go:264.3,264.44 1 0
unciv-mod-manager/internal/app/conflict.go:264.44,265.21 1 0
unciv-mod-manager/internal/app/conflict.go:265.21,267.5 1 0
unciv-mod-manager/internal/app/conflict.go:268.4,269.15 2 0
unciv-mod-manager/internal/app/conflict.go:269.15,271.5 1 0
unciv-mod-manager/internal/app/conflict.go:272.4,285.61 2 0
unciv-mod-manager/internal/app/conflict.go:285.61,287.5 1 0
unciv-mod-manager/internal/app/conflict.go:288.4,288.15 1 0
unciv-mod-manager/internal/app/conflict.go:291.2,291.12 1 0
unciv-mod-manager/internal/app/conflict.go:295.43,298.29 3 1
unciv-mod-manager/internal/app/conflict.go:298.29,300.76 2 1
unciv-mod-manager/internal/app/conflict.go:300.76,301.12 1 1
unciv-mod-manager/internal/app/conflict.go:303.3,303.34 1 1
unciv-mod-manager/internal/app/conflict.go:305.2,305.36 1 1
unciv-mod-manager/internal/app/conflict.go:308.64,309.68 1 1
unciv-mod-manager/internal/app/conflict.go:309.68,311.69 2 1
unciv-mod-manager/internal/app/conflict.go:311.69,313.4 1 1
unciv-mod-manager/internal/app/conflict.go:314.3,314.53 1 1
unciv-mod-manager/internal/app/conflict.go:314.53,316.4 1 1
unciv-mod-manager/internal/app/conflict.go:317.3,317.21 1 1
unciv-mod-manager/internal/app/conflict.go:317.21,320.4 1 1
unciv-mod-manager/internal/app/conflict.go:321.3,321.114 1 1
unciv-mod-manager/internal/app/conflict.go:323.2,323.82 1 1
unciv-mod-manager/internal/app/conflict.go:323.82,325.3 1 1
unciv-mod-manager/internal/app/conflict.go:326.2,327.68 2 1
unciv-mod-manager/internal/app/conflict.go:327.68,329.3 1 1
unciv-mod-manager/internal/app/conflict.go:330.2,330.52 1 1
unciv-mod-manager/internal/app/conflict.go:330.52,332.3 1 0
unciv-mod-manager/internal/app/conflict.go:333.2,334.18 2 1
unciv-mod-manager/internal/app/conflict.go:334.18,336.3 1 1
unciv-mod-manager/internal/app/conflict.go:337.2,337.106 1 1
unciv-mod-manager/internal/app/conflict.go:340.55,343.16 3 0
unciv-mod-manager/internal/app/conflict.go:343.16,345.3 1 0
unciv-mod-manager/internal/app/conflict.go:346.2,347.71 2 0
unciv-mod-manager/internal/app/conflict.go:347.71,349.42 2 0
unciv-mod-manager/internal/app/conflict.go:349.42,351.27 2 0
unciv-mod-manager/internal/app/conflict.go:351.27,353.5 1 0
unciv-mod-manager/internal/app/conflict.go:355.3,355.14 1 0
unciv-mod-manager/internal/app/conflict.go:357.2,357.10 1 0
unciv-mod-manager/internal/app/crash_reporter.go:78.43,81.30 2 0
unciv-mod-manager/internal/app/crash_reporter.go:81.30,83.3 1 0
unciv-mod-manager/internal/app/crash_reporter.go:85.2,87.16 3 0
unciv-mod-manager/internal/app/crash_reporter.go:87.16,89.3 1 0
unciv-mod-manager/internal/app/crash_reporter.go:91.2,92.34 2 0
unciv-mod-manager/internal/app/crash_reporter.go:92.34,94.3 1 0
unciv-mod-manager/internal/app/crash_reporter.go:96.2,100.42 4 0
unciv-mod-manager/internal/app/crash_reporter.go:100.42,102.3 1 0
unciv-mod-manager/internal/app/crash_reporter.go:105.2,105.34 1 0
unciv-mod-manager/internal/app/crash_reporter.go:105.34,106.28 1 0
unciv-mod-manager/internal/app/crash_reporter.go:106.28,111.4 4 0
unciv-mod-manager/internal/app/crash_reporter.go:115.2,117.13 3 0
unciv-mod-manager/internal/app/deprecated.go:26.54,28.16 2 0
unciv-mod-manager/internal/app/deprecated.go:28.16,30.3 1 0
unciv-mod-manager/internal/app/deprecated.go:31.2,33.27 2 0
unciv-mod-manager/internal/app/deprecated.go:33.27,36.17 3 0
unciv-mod-manager/internal/app/deprecated.go:36.17,37.12 1 0
unciv-mod-manager/internal/app/deprecated.go:39.3,39.29 1 0
unciv-mod-manager/internal/app/deprecated.go:39.29,40.58 1 0
unciv-mod-manager/internal/app/deprecated.go:40.58,41.13 1 0
unciv-mod-manager/internal/app/deprecated.go:43.4,45.18 3 0
unciv-mod-manager/internal/app/deprecated.go:45.18,46.13 1 0
unciv-mod-manager/internal/app/deprecated.go:48.4,51.22 3 0
unciv-mod-manager/internal/app/deprecated.go:51.22,52.13 1 0
unciv-mod-manager/internal/app/deprecated.go:54.4,54.45 1 0
unciv-mod-manager/internal/app/deprecated.go:54.45,55.22 1 0
unciv-mod-manager/internal/app/deprecated.go:55.22,57.6 1 0
unciv-mod-manager/internal/app/deprecated.go:59.5,60.46 2 0
unciv-mod-manager/internal/app/deprecated.go:60.46,61.51 1 0
unciv-mod-manager/internal/app/deprecated.go:61.51,64.7 2 0
unciv-mod-manager/internal/app/deprecated.go:66.5,66.16 1 0
unciv-mod-manager/internal/app/deprecated.go:69.4,69.41 1 0
unciv-mod-manager/internal/app/deprecated.go:69.41,70.48 1 0
unciv-mod-manager/internal/app/deprecated.go:70.48,73.32 2 0
unciv-mod-manager/internal/app/deprecated.go:73.32,74.82 1 0
unciv-mod-manager/internal/app/deprecated.go:74.82,76.13 2 0
unciv-mod-manager/internal/app/deprecated.go:79.6,79.16 1 0
unciv-mod-manager/internal/app/deprecated.go:79.16,82.33 3 0
unciv-mod-manager/internal/app/deprecated.go:82.33,84.8 1 0
unciv-mod-manager/internal/app/deprecated.go:85.7,85.33 1 0
unciv-mod-manager/internal/app/deprecated.go:85.33,87.8 1 0
unciv-mod-manager/internal/app/deprecated.go:88.7,92.9 1 0
unciv-mod-manager/internal/app/deprecated.go:99.2,99.19 1 0
unciv-mod-manager/internal/app/deprecated.go:99.19,101.3 1 0
unciv-mod-manager/internal/app/deprecated.go:102.2,102.20 1 0
unciv-mod-manager/internal/app/deprecated.go:105.71,106.39 1 1
unciv-mod-manager/internal/app/deprecated.go:106.39,107.45 1 1
unciv-mod-manager/internal/app/deprecated.go:107.45,109.30 2 1
unciv-mod-manager/internal/app/deprecated.go:109.30,111.5 1 0
unciv-mod-manager/internal/app/deprecated.go:112.4,112.30 1 1
unciv-mod-manager/internal/app/deprecated.go:112.30,114.5 1 0
unciv-mod-manager/internal/app/deprecated.go:115.4,119.6 1 1
unciv-mod-manager/internal/app/deprecated.go:124.37,125.17 1 1
unciv-mod-manager/internal/app/deprecated.go:125.17,127.3 1 1
unciv-mod-manager/internal/app/deprecated.go:128.2,128.22 1 1
unciv-mod-manager/internal/app/diagnose.go:20.51,22.16 2 0
unciv-mod-manager/internal/app/diagnose.go:22.16,24.3 1 0
unciv-mod-manager/internal/app/diagnose.go:25.2,27.21 3 0
unciv-mod-manager/internal/app/diagnose.go:27.21,29.3 1 0
unciv-mod-manager/internal/app/diagnose.go:32.2,32.27 1 0
unciv-mod-manager/internal/app/diagnose.go:32.27,35.17 3 0
unciv-mod-manager/internal/app/diagnose.go:35.17,37.12 2 0
unciv-mod-manager/internal/app/diagnose.go:40.3,45.29 5 0
unciv-mod-manager/internal/app/diagnose.go:45.29,46.91 1 0
unciv-mod-manager/internal/app/diagnose.go:46.91,47.13 1 0
unciv-mod-manager/internal/app/diagnose.go:49.4,50.18 2 0
unciv-mod-manager/internal/app/diagnose.go:50.18,52.13 2 0
unciv-mod-manager/internal/app/diagnose.go:54.4,57.41 2 0
unciv-mod-manager/internal/app/diagnose.go:57.41,58.48 1 0
unciv-mod-manager/internal/app/diagnose.go:58.48,61.32 3 0
unciv-mod-manager/internal/app/diagnose.go:61.32,63.7 1 0
unciv-mod-manager/internal/app/diagnose.go:64.6,64.32 1 0
unciv-mod-manager/internal/app/diagnose.go:64.32,66.7 1 0
unciv-mod-manager/internal/app/diagnose.go:67.6,71.8 1 0
unciv-mod-manager/internal/app/diagnose.go:75.4,76.101 2 0
unciv-mod-manager/internal/app/diagnose.go:79.3,79.25 1 0
unciv-mod-manager/internal/app/diagnose.go:79.25,81.12 2 0
unciv-mod-manager/internal/app/diagnose.go:85.3,85.32 1 0
unciv-mod-manager/internal/app/diagnose.go:85.32,86.90 1 0
unciv-mod-manager/internal/app/diagnose.go:86.90,88.5 1 0
unciv-mod-manager/internal/app/diagnose.go:92.3,92.32 1 0
unciv-mod-manager/internal/app/diagnose.go:92.32,93.80 1 0
unciv-mod-manager/internal/app/diagnose.go:93.80,96.5 1 0
unciv-mod-manager/internal/app/diagnose.go:100.3,100.32 1 0
unciv-mod-manager/internal/app/diagnose.go:100.32,105.6 1 0
unciv-mod-manager/internal/app/diagnose.go:105.6,106.71 1 0
unciv-mod-manager/internal/app/diagnose.go:106.71,107.14 1 0
unciv-mod-manager/internal/app/diagnose.go:109.5,110.89 1 0
unciv-mod-manager/internal/app/diagnose.go:115.3,115.33 1 0
unciv-mod-manager/internal/app/diagnose.go:115.33,116.13 1 0
unciv-mod-manager/internal/app/diagnose.go:116.13,118.5 1 0
unciv-mod-manager/internal/app/diagnose.go:125.2,136.19 7 0
unciv-mod-manager/internal/app/diagnose.go:136.19,138.3 1 0
unciv-mod-manager/internal/app/diagnose.go:139.2,139.20 1 0
unciv-mod-manager/internal/app/diagnose.go:144.73,146.27 2 0
unciv-mod-manager/internal/app/diagnose.go:146.27,148.63 2 0
unciv-mod-manager/internal/app/diagnose.go:148.63,151.4 2 0
unciv-mod-manager/internal/app/diagnose.go:154.2,154.154 1 0
unciv-mod-manager/internal/app/diagnose.go:154.154,156.3 1 0
unciv-mod-manager/internal/app/diagnose.go:158.2,159.27 2 0
unciv-mod-manager/internal/app/diagnose.go:159.27,161.17 2 0
unciv-mod-manager/internal/app/diagnose.go:161.17,162.12 1 0
unciv-mod-manager/internal/app/diagnose.go:164.3,164.63 1 0
unciv-mod-manager/internal/app/diagnose.go:164.63,166.39 2 0
unciv-mod-manager/internal/app/diagnose.go:166.39,169.5 1 0
unciv-mod-manager/internal/app/diagnose.go:170.4,170.15 1 0
unciv-mod-manager/internal/app/diagnose.go:173.2,173.15 1 0
unciv-mod-manager/internal/app/diagnose.go:176.76,178.27 2 0
unciv-mod-manager/internal/app/diagnose.go:178.27,180.63 2 0
unciv-mod-manager/internal/app/diagnose.go:180.63,183.4 2 0
unciv-mod-manager/internal/app/diagnose.go:186.2,186.154 1 0
unciv-mod-manager/internal/app/diagnose.go:186.154,188.3 1 0
unciv-mod-manager/internal/app/diagnose.go:190.2,191.27 2 0
unciv-mod-manager/internal/app/diagnose.go:191.27,193.17 2 0
unciv-mod-manager/internal/app/diagnose.go:193.17,194.12 1 0
unciv-mod-manager/internal/app/diagnose.go:196.3,196.63 1 0
unciv-mod-manager/internal/app/diagnose.go:196.63,198.34 2 0
unciv-mod-manager/internal/app/diagnose.go:198.34,201.5 1 0
unciv-mod-manager/internal/app/diagnose.go:202.4,202.15 1 0
unciv-mod-manager/internal/app/diagnose.go:205.2,205.15 1 0
unciv-mod-manager/internal/app/diagnose.go:210.72,214.27 3 0
unciv-mod-manager/internal/app/diagnose.go:214.27,216.17 2 0
unciv-mod-manager/internal/app/diagnose.go:216.17,217.12 1 0
unciv-mod-manager/internal/app/diagnose.go:219.3,221.77 2 0
unciv-mod-manager/internal/app/diagnose.go:223.2,223.15 1 0
unciv-mod-manager/internal/app/diagnose.go:226.107,227.19 1 0
unciv-mod-manager/internal/app/diagnose.go:227.19,229.3 1 0
unciv-mod-manager/internal/app/diagnose.go:231.2,231.54 1 0
unciv-mod-manager/internal/app/diagnose.go:231.54,233.74 2 0
unciv-mod-manager/internal/app/diagnose.go:233.74,234.53 1 0
unciv-mod-manager/internal/app/diagnose.go:234.53,238.43 4 0
unciv-mod-manager/internal/app/diagnose.go:238.43,241.6 1 0
unciv-mod-manager/internal/app/diagnose.go:241.11,243.6 1 0
unciv-mod-manager/internal/app/diagnose.go:244.5,244.16 1 0
unciv-mod-manager/internal/app/diagnose.go:247.3,247.9 1 0
unciv-mod-manager/internal/app/diagnose.go:250.2,252.24 3 0
unciv-mod-manager/internal/app/diagnose.go:252.24,255.41 3 0
unciv-mod-manager/internal/app/diagnose.go:255.41,258.4 1 0
unciv-mod-manager/internal/app/diagnose.go:258.9,260.4 1 0
unciv-mod-manager/internal/app/diagnose.go:265.147,266.60 1 1
unciv-mod-manager/internal/app/diagnose.go:266.60,269.3 2 1
unciv-mod-manager/internal/app/diagnose.go:272.151,273.19 1 1
unciv-mod-manager/internal/app/diagnose.go:273.19,275.3 1 1
unciv-mod-manager/internal/app/diagnose.go:277.2,277.58 1 1
unciv-mod-manager/internal/app/diagnose.go:277.58,278.50 1 1
unciv-mod-manager/internal/app/diagnose.go:278.50,281.4 2 1
unciv-mod-manager/internal/app/diagnose.go:282.3,282.9 1 1
unciv-mod-manager/internal/app/diagnose.go:284.2,285.13 2 1
unciv-mod-manager/internal/app/diagnose.go:285.13,287.3 1 1
unciv-mod-manager/internal/app/diagnose.go:288.2,289.85 2 1
unciv-mod-manager/internal/app/diagnose.go:289.85,291.3 1 1
unciv-mod-manager/internal/app/diagnose.go:292.2,301.32 2 1
unciv-mod-manager/internal/app/downloader.go:63.28,65.2 1 1
unciv-mod-manager/internal/app/downloader.go:73.71,74.40 1 0
unciv-mod-manager/internal/app/downloader.go:74.40,76.3 1 0
unciv-mod-manager/internal/app/downloader.go:77.2,77.18 1 0
unciv-mod-manager/internal/app/downloader.go:78.16,79.16 1 0
unciv-mod-manager/internal/app/downloader.go:80.16,83.61 3 0
unciv-mod-manager/internal/app/downloader.go:84.16,85.34 1 0
unciv-mod-manager/internal/app/downloader.go:86.10,87.16 1 0
unciv-mod-manager/internal/app/downloader.go:96.53,105.28 5 0
unciv-mod-manager/internal/app/downloader.go:105.28,107.26 2 0
unciv-mod-manager/internal/app/downloader.go:107.26,114.18 6 0
unciv-mod-manager/internal/app/downloader.go:114.18,116.5 1 0
unciv-mod-manager/internal/app/downloader.go:117.4,118.40 2 0
unciv-mod-manager/internal/app/downloader.go:118.40,120.5 1 0
unciv-mod-manager/internal/app/downloader.go:121.4,121.58 1 0
unciv-mod-manager/internal/app/downloader.go:124.2,128.20 4 0
unciv-mod-manager/internal/app/downloader.go:128.20,130.3 1 0
unciv-mod-manager/internal/app/downloader.go:131.2,131.12 1 0
unciv-mod-manager/internal/app/downloader.go:137.31,138.22 1 0
unciv-mod-manager/internal/app/downloader.go:138.22,140.3 1 0
unciv-mod-manager/internal/app/downloader.go:141.2,141.19 1 0
unciv-mod-manager/internal/app/downloader.go:141.19,144.3 2 0
unciv-mod-manager/internal/app/downloader.go:151.88,153.9 2 0
unciv-mod-manager/internal/app/downloader.go:154.42,156.32 1 0
unciv-mod-manager/internal/app/downloader.go:157.24,159.39 1 0
unciv-mod-manager/internal/app/downloader.go:159.39,161.4 1 0
unciv-mod-manager/internal/app/downloader.go:162.3,162.42 1 0
unciv-mod-manager/internal/app/downloader.go:163.10,167.39 3 0
unciv-mod-manager/internal/app/downloader.go:167.39,169.19 2 0
unciv-mod-manager/internal/app/downloader.go:169.19,171.5 1 0
unciv-mod-manager/internal/app/downloader.go:173.3,173.42 1 0
unciv-mod-manager/internal/app/downloader.go:177.2,178.16 2 0
unciv-mod-manager/internal/app/downloader.go:178.16,180.33 2 0
unciv-mod-manager/internal/app/downloader.go:180.33,182.4 1 0
unciv-mod-manager/internal/app/downloader.go:183.3,183.18 1 0
unciv-mod-manager/internal/app/downloader.go:185.2,185.16 1 0
unciv-mod-manager/internal/app/downloader.go:191.78,195.75 2 0
unciv-mod-manager/internal/app/downloader.go:195.75,196.34 1 0
unciv-mod-manager/internal/app/downloader.go:196.34,198.4 1 0
unciv-mod-manager/internal/app/downloader.go:202.2,202.136 1 0
unciv-mod-manager/internal/app/downloader.go:202.136,204.3 1 0
unciv-mod-manager/internal/app/downloader.go:207.2,213.32 2 0
unciv-mod-manager/internal/app/downloader.go:213.32,214.33 1 0
unciv-mod-manager/internal/app/downloader.go:214.33,216.4 1 0
unciv-mod-manager/internal/app/downloader.go:218.2,218.71 1 0
unciv-mod-manager/internal/app/downloader.go:223.67,229.30 5 0
unciv-mod-manager/internal/app/downloader.go:229.30,230.32 1 0
unciv-mod-manager/internal/app/downloader.go:230.32,232.4 1 0
unciv-mod-manager/internal/app/downloader.go:235.2,237.17 3 0
unciv-mod-manager/internal/app/downloader.go:237.17,239.3 1 0
unciv-mod-manager/internal/app/downloader.go:240.2,252.29 5 0
unciv-mod-manager/internal/app/downloader.go:252.29,254.3 1 0
unciv-mod-manager/internal/app/downloader.go:255.2,255.16 1 0
unciv-mod-manager/internal/app/downloader.go:259.33,262.30 3 0
unciv-mod-manager/internal/app/downloader.go:262.30,263.27 1 0
unciv-mod-manager/internal/app/downloader.go:263.27,268.4 4 0
unciv-mod-manager/internal/app/downloader.go:274.31,276.25 1 0
unciv-mod-manager/internal/app/downloader.go:276.25,278.3 1 0
unciv-mod-manager/internal/app/downloader.go:279.2,279.31 1 0
unciv-mod-manager/internal/app/downloader.go:279.31,280.54 1 0
unciv-mod-manager/internal/app/downloader.go:280.54,282.21 1 0
unciv-mod-manager/internal/app/downloader.go:282.21,285.5 2 0
unciv-mod-manager/internal/app/downloader.go:286.4,287.25 2 0
unciv-mod-manager/internal/app/downloader.go:294.50,298.9 4 0
unciv-mod-manager/internal/app/downloader.go:298.9,300.3 1 0
unciv-mod-manager/internal/app/downloader.go:301.2,302.31 2 0
unciv-mod-manager/internal/app/downloader.go:302.31,305.3 2 0
unciv-mod-manager/internal/app/downloader.go:306.2,307.12 2 0
unciv-mod-manager/internal/app/downloader.go:311.51,315.9 4 0
unciv-mod-manager/internal/app/downloader.go:315.9,317.3 1 0
unciv-mod-manager/internal/app/downloader.go:318.2,319.26 2 0
unciv-mod-manager/internal/app/downloader.go:319.26,322.3 2 0
unciv-mod-manager/internal/app/downloader.go:323.2,328.12 5 0
unciv-mod-manager/internal/app/downloader.go:332.51,336.9 4 0
unciv-mod-manager/internal/app/downloader.go:336.9,338.3 1 0
unciv-mod-manager/internal/app/downloader.go:339.2,343.19 5 0
unciv-mod-manager/internal/app/downloader.go:343.19,345.3 1 0
unciv-mod-manager/internal/app/downloader.go:346.2,348.22 2 0
unciv-mod-manager/internal/app/downloader.go:348.22,350.3 1 0
unciv-mod-manager/internal/app/downloader.go:351.2,351.12 1 0
unciv-mod-manager/internal/app/downloader.go:356.51,362.2 5 0
unciv-mod-manager/internal/app/downloader.go:365.50,368.9 3 0
unciv-mod-manager/internal/app/downloader.go:368.9,371.3 2 0
unciv-mod-manager/internal/app/downloader.go:372.2,379.12 8 0
unciv-mod-manager/internal/app/downloader.go:383.48,388.30 5 0
unciv-mod-manager/internal/app/downloader.go:388.30,392.3 3 0
unciv-mod-manager/internal/app/downloader.go:393.2,393.16 1 0
unciv-mod-manager/internal/app/downloader.go:393.16,395.3 1 0
unciv-mod-manager/internal/app/downloader.go:396.2,396.12 1 0
unciv-mod-manager/internal/app/downloader.go:401.38,406.1 3 0
unciv-mod-manager/internal/app/downloader.go:408.2,409.16 2 0
unciv-mod-manager/internal/app/downloader.go:409.16,412.3 2 0
unciv-mod-manager/internal/app/downloader.go:413.2,415.38 2 0
unciv-mod-manager/internal/app/downloader.go:415.38,418.3 2 0
unciv-mod-manager/internal/app/downloader.go:421.2,422.39 2 0
unciv-mod-manager/internal/app/downloader.go:422.39,425.3 2 0
unciv-mod-manager/internal/app/downloader.go:427.2,437.16 8 0
unciv-mod-manager/internal/app/downloader.go:437.16,440.3 2 0
unciv-mod-manager/internal/app/downloader.go:441.2,441.19 1 0
unciv-mod-manager/internal/app/downloader.go:441.19,443.3 1 0
unciv-mod-manager/internal/app/downloader.go:445.2,451.36 5 0
unciv-mod-manager/internal/app/downloader.go:451.36,453.3 1 0
unciv-mod-manager/internal/app/downloader.go:453.8,455.3 1 0
unciv-mod-manager/internal/app/downloader.go:458.2,460.14 3 0
unciv-mod-manager/internal/app/downloader.go:460.14,464.3 3 0
unciv-mod-manager/internal/app/downloader.go:465.2,465.19 1 0
unciv-mod-manager/internal/app/downloader.go:465.19,468.3 2 0
unciv-mod-manager/internal/app/downloader.go:469.2,472.14 3 0
unciv-mod-manager/internal/app/downloader.go:472.14,480.3 3 0
unciv-mod-manager/internal/app/downloader.go:483.2,483.33 1 0
unciv-mod-manager/internal/app/downloader.go:483.33,493.21 9 0
unciv-mod-manager/internal/app/downloader.go:493.21,495.4 1 0
unciv-mod-manager/internal/app/downloader.go:497.3,498.17 2 0
unciv-mod-manager/internal/app/downloader.go:501.2,501.21 1 0
unciv-mod-manager/internal/app/downloader.go:506.62,509.30 3 0
unciv-mod-manager/internal/app/downloader.go:509.30,511.3 1 0
unciv-mod-manager/internal/app/downloader.go:514.2,518.35 4 0
unciv-mod-manager/internal/app/downloader.go:518.35,521.32 2 0
unciv-mod-manager/internal/app/downloader.go:521.32,523.9 2 0
unciv-mod-manager/internal/app/downloader.go:525.3,530.25 4 0
unciv-mod-manager/internal/app/downloader.go:530.25,532.17 2 0
unciv-mod-manager/internal/app/downloader.go:532.17,532.26 1 0
unciv-mod-manager/internal/app/downloader.go:534.4,536.24 3 0
unciv-mod-manager/internal/app/downloader.go:536.24,538.5 1 0
unciv-mod-manager/internal/app/downloader.go:540.4,542.39 2 0
unciv-mod-manager/internal/app/downloader.go:542.39,544.34 2 0
unciv-mod-manager/internal/app/downloader.go:544.34,547.6 2 0
unciv-mod-manager/internal/app/downloader.go:548.5,555.19 6 0
unciv-mod-manager/internal/app/downloader.go:555.19,556.20 1 0
unciv-mod-manager/internal/app/downloader.go:556.20,558.7 1 0
unciv-mod-manager/internal/app/downloader.go:559.6,559.14 1 0
unciv-mod-manager/internal/app/downloader.go:561.5,563.49 3 0
unciv-mod-manager/internal/app/downloader.go:563.49,564.20 1 0
unciv-mod-manager/internal/app/downloader.go:564.20,566.7 1 0
unciv-mod-manager/internal/app/downloader.go:567.6,567.14 1 0
unciv-mod-manager/internal/app/downloader.go:570.5,571.22 2 0
unciv-mod-manager/internal/app/downloader.go:571.22,573.6 1 0
unciv-mod-manager/internal/app/downloader.go:574.5,576.24 3 0
unciv-mod-manager/internal/app/downloader.go:576.24,578.6 1 0
unciv-mod-manager/internal/app/downloader.go:579.5,582.11 3 0
unciv-mod-manager/internal/app/downloader.go:585.4,585.63 1 0
unciv-mod-manager/internal/app/downloader.go:588.2,592.25 3 0
unciv-mod-manager/internal/app/downloader.go:592.25,593.17 1 0
unciv-mod-manager/internal/app/downloader.go:593.17,596.4 2 0
unciv-mod-manager/internal/app/downloader.go:602.47,606.16 4 0
unciv-mod-manager/internal/app/downloader.go:606.16,609.3 2 0
unciv-mod-manager/internal/app/downloader.go:610.2,612.38 2 0
unciv-mod-manager/internal/app/downloader.go:612.38,615.3 2 0
unciv-mod-manager/internal/app/downloader.go:616.2,616.22 1 0
unciv-mod-manager/internal/app/downloader.go:616.22,618.3 1 0
unciv-mod-manager/internal/app/downloader.go:620.2,621.6 2 0
unciv-mod-manager/internal/app/downloader.go:621.6,623.32 2 0
unciv-mod-manager/internal/app/downloader.go:623.32,626.4 2 0
unciv-mod-manager/internal/app/downloader.go:627.3,630.12 3 0
unciv-mod-manager/internal/app/downloader.go:630.12,632.21 2 0
unciv-mod-manager/internal/app/downloader.go:632.21,634.5 1 0
unciv-mod-manager/internal/app/downloader.go:635.4,637.23 3 0
unciv-mod-manager/internal/app/downloader.go:637.23,639.5 1 0
unciv-mod-manager/internal/app/downloader.go:640.4,641.21 2 0
unciv-mod-manager/internal/app/downloader.go:643.3,643.17 1 0
unciv-mod-manager/internal/app/downloader.go:643.17,644.21 1 0
unciv-mod-manager/internal/app/downloader.go:644.21,646.5 1 0
unciv-mod-manager/internal/app/downloader.go:647.4,647.10 1 0
unciv-mod-manager/internal/app/downloader.go:654.47,659.19 5 0
unciv-mod-manager/internal/app/downloader.go:659.19,662.3 2 0
unciv-mod-manager/internal/app/downloader.go:663.2,664.22 2 0
unciv-mod-manager/internal/app/downloader.go:664.22,666.3 1 0
unciv-mod-manager/internal/app/downloader.go:667.2,670.4 1 0
unciv-mod-manager/internal/app/downloader.go:675.39,676.34 1 0
unciv-mod-manager/internal/app/downloader.go:676.34,678.3 1 0
unciv-mod-manager/internal/app/downloader.go:679.2,683.13 5 0
unciv-mod-manager/internal/app/downloader.go:686.39,695.2 1 0
unciv-mod-manager/internal/app/downloader.go:698.51,705.35 6 0
unciv-mod-manager/internal/app/downloader.go:705.35,706.25 1 0
unciv-mod-manager/internal/app/downloader.go:706.25,709.4 2 0
unciv-mod-manager/internal/app/downloader.go:711.2,712.19 2 0
unciv-mod-manager/internal/app/downloader.go:712.19,715.3 2 0
unciv-mod-manager/internal/app/downloader.go:718.36,719.16 1 1
unciv-mod-manager/internal/app/downloader.go:719.16,721.3 1 1
unciv-mod-manager/internal/app/downloader.go:722.2,722.21 1 1
unciv-mod-manager/internal/app/downloader.go:722.21,724.3 1 1
unciv-mod-manager/internal/app/downloader.go:725.2,725.59 1 1
unciv-mod-manager/internal/app/downloader.go:728.25,732.2 3 1
unciv-mod-manager/internal/app/extractor.go:21.44,22.16 1 0
unciv-mod-manager/internal/app/extractor.go:22.16,24.3 1 0
unciv-mod-manager/internal/app/extractor.go:30.67,32.16 2 0
unciv-mod-manager/internal/app/extractor.go:32.16,34.3 1 0
unciv-mod-manager/internal/app/extractor.go:35.2,37.22 2 0
unciv-mod-manager/internal/app/extractor.go:37.22,39.3 1 0
unciv-mod-manager/internal/app/extractor.go:42.2,46.27 5 0
unciv-mod-manager/internal/app/extractor.go:46.27,47.71 1 0
unciv-mod-manager/internal/app/extractor.go:47.71,49.9 2 0
unciv-mod-manager/internal/app/extractor.go:52.2,52.19 1 0
unciv-mod-manager/internal/app/extractor.go:52.19,54.3 1 0
unciv-mod-manager/internal/app/extractor.go:58.2,59.19 2 0
unciv-mod-manager/internal/app/extractor.go:59.19,61.3 1 0
unciv-mod-manager/internal/app/extractor.go:61.8,63.3 1 0
unciv-mod-manager/internal/app/extractor.go:64.2,66.27 2 0
unciv-mod-manager/internal/app/extractor.go:66.27,69.38 2 0
unciv-mod-manager/internal/app/extractor.go:69.38,70.12 1 0
unciv-mod-manager/internal/app/extractor.go:73.3,77.54 2 0
unciv-mod-manager/internal/app/extractor.go:77.54,78.12 1 0
unciv-mod-manager/internal/app/extractor.go:81.3,81.27 1 0
unciv-mod-manager/internal/app/extractor.go:81.27,83.12 2 0
unciv-mod-manager/internal/app/extractor.go:87.3,88.25 2 0
unciv-mod-manager/internal/app/extractor.go:88.25,89.12 1 0
unciv-mod-manager/internal/app/extractor.go:92.3,95.17 3 0
unciv-mod-manager/internal/app/extractor.go:95.17,96.12 1 0
unciv-mod-manager/internal/app/extractor.go:98.3,99.17 2 0
unciv-mod-manager/internal/app/extractor.go:99.17,101.12 2 0
unciv-mod-manager/internal/app/extractor.go:103.3,105.14 3 0
unciv-mod-manager/internal/app/extractor.go:108.2,108.23 1 0
unciv-mod-manager/internal/app/game_link.go:17.40,20.16 3 0
unciv-mod-manager/internal/app/game_link.go:20.16,23.3 1 0
unciv-mod-manager/internal/app/game_link.go:24.2,26.27 2 0
unciv-mod-manager/internal/app/game_link.go:26.27,27.56 1 0
unciv-mod-manager/internal/app/game_link.go:27.56,29.18 2 0
unciv-mod-manager/internal/app/game_link.go:29.18,31.5 1 0
unciv-mod-manager/internal/app/game_link.go:32.4,36.54 5 0
unciv-mod-manager/internal/app/game_link.go:36.54,37.58 1 0
unciv-mod-manager/internal/app/game_link.go:37.58,39.17 2 0
unciv-mod-manager/internal/app/game_link.go:39.17,41.7 1 0
unciv-mod-manager/internal/app/game_link.go:46.2,46.36 1 0
unciv-mod-manager/internal/app/game_link.go:49.48,52.16 3 0
unciv-mod-manager/internal/app/game_link.go:52.16,54.3 1 0
unciv-mod-manager/internal/app/game_link.go:58.2,61.11 4 0
unciv-mod-manager/internal/app/game_link.go:61.11,63.3 1 0
unciv-mod-manager/internal/app/game_link.go:64.2,66.11 3 0
unciv-mod-manager/internal/app/game_link.go:66.11,68.3 1 0
unciv-mod-manager/internal/app/game_link.go:69.2,69.25 1 0
unciv-mod-manager/internal/app/game_link.go:82.56,84.16 2 0
unciv-mod-manager/internal/app/game_link.go:84.16,86.3 1 0
unciv-mod-manager/internal/app/game_link.go:89.2,89.69 1 0
unciv-mod-manager/internal/app/game_link.go:89.69,92.3 2 0
unciv-mod-manager/internal/app/game_link.go:95.2,95.69 1 0
unciv-mod-manager/internal/app/game_link.go:95.69,98.3 2 0
unciv-mod-manager/internal/app/game_link.go:101.2,101.79 1 0
unciv-mod-manager/internal/app/game_link.go:101.79,104.3 2 0
unciv-mod-manager/internal/app/game_link.go:107.2,107.77 1 0
unciv-mod-manager/internal/app/game_link.go:107.77,110.3 2 0
unciv-mod-manager/internal/app/game_link.go:112.2,112.13 1 0
unciv-mod-manager/internal/app/game_link.go:116.44,118.26 2 0
unciv-mod-manager/internal/app/game_link.go:118.26,119.51 1 0
unciv-mod-manager/internal/app/game_link.go:119.51,121.4 1 0
unciv-mod-manager/internal/app/game_link.go:123.2,123.11 1 0
unciv-mod-manager/internal/app/game_link.go:127.48,131.16 2 0
unciv-mod-manager/internal/app/game_link.go:131.16,133.3 1 0
unciv-mod-manager/internal/app/game_link.go:134.2,134.16 1 0
unciv-mod-manager/internal/app/game_link.go:134.16,136.3 1 0
unciv-mod-manager/internal/app/game_link.go:138.2,139.19 2 0
unciv-mod-manager/internal/app/game_link.go:139.19,141.3 1 0
unciv-mod-manager/internal/app/game_link.go:143.2,143.45 1 0
unciv-mod-manager/internal/app/game_link.go:143.45,145.3 1 0
unciv-mod-manager/internal/app/game_link.go:147.2,147.18 1 0
unciv-mod-manager/internal/app/game_link.go:151.53,152.30 1 0
unciv-mod-manager/internal/app/game_link.go:152.30,154.3 1 0
unciv-mod-manager/internal/app/game_link.go:155.2,161.3 2 0
unciv-mod-manager/internal/app/game_link.go:165.37,173.48 7 0
unciv-mod-manager/internal/app/game_link.go:173.48,175.3 1 0
unciv-mod-manager/internal/app/game_link.go:176.2,182.14 5 0
unciv-mod-manager/internal/app/game_link.go:182.14,184.3 1 0
unciv-mod-manager/internal/app/game_link.go:186.2,186.6 1 0
unciv-mod-manager/internal/app/game_link.go:186.6,188.54 2 0
unciv-mod-manager/internal/app/game_link.go:188.54,190.4 1 0
unciv-mod-manager/internal/app/game_link.go:192.3,193.15 2 0
unciv-mod-manager/internal/app/game_link.go:193.15,194.9 1 0
unciv-mod-manager/internal/app/game_link.go:198.2,198.14 1 0
unciv-mod-manager/internal/app/game_link.go:202.35,203.30 1 0
unciv-mod-manager/internal/app/game_link.go:203.30,205.3 1 0
unciv-mod-manager/internal/app/game_link.go:207.2,208.40 2 0
unciv-mod-manager/internal/app/game_link.go:208.40,210.3 1 0
unciv-mod-manager/internal/app/game_link.go:212.2,213.40 2 0
unciv-mod-manager/internal/app/game_link.go:213.40,215.3 1 0
unciv-mod-manager/internal/app/game_link.go:216.2,216.56 1 0
unciv-mod-manager/internal/app/game_link.go:220.44,224.45 2 0
unciv-mod-manager/internal/app/game_link.go:224.45,226.3 1 0
unciv-mod-manager/internal/app/game_link.go:229.2,229.47 1 0
unciv-mod-manager/internal/app/game_link.go:229.47,231.3 1 0
unciv-mod-manager/internal/app/game_link.go:234.2,240.40 2 0
unciv-mod-manager/internal/app/game_link.go:240.40,242.3 1 0
unciv-mod-manager/internal/app/game_link.go:244.2,244.14 1 0
unciv-mod-manager/internal/app/github_api.go:33.65,40.20 6 1
unciv-mod-manager/internal/app/github_api.go:40.20,42.3 1 1
unciv-mod-manager/internal/app/github_api.go:43.2,43.32 1 1
unciv-mod-manager/internal/app/github_api.go:49.68,51.16 2 0
unciv-mod-manager/internal/app/github_api.go:51.16,53.3 1 0
unciv-mod-manager/internal/app/github_api.go:55.2,59.16 3 0
unciv-mod-manager/internal/app/github_api.go:59.16,61.3 1 0
unciv-mod-manager/internal/app/github_api.go:63.2,63.38 1 0
unciv-mod-manager/internal/app/github_api.go:63.38,65.17 2 0
unciv-mod-manager/internal/app/github_api.go:65.17,67.4 1 0
unciv-mod-manager/internal/app/github_api.go:69.2,69.95 1 0
unciv-mod-manager/internal/app/github_api.go:72.69,77.32 5 0
unciv-mod-manager/internal/app/github_api.go:77.32,79.3 1 0
unciv-mod-manager/internal/app/github_api.go:81.2,82.16 2 0
unciv-mod-manager/internal/app/github_api.go:82.16,84.3 1 0
unciv-mod-manager/internal/app/github_api.go:85.2,87.94 2 0
unciv-mod-manager/internal/app/github_api.go:87.94,90.3 2 0
unciv-mod-manager/internal/app/github_api.go:91.2,91.38 1 0
unciv-mod-manager/internal/app/github_api.go:91.38,93.3 1 0
unciv-mod-manager/internal/app/github_api.go:95.2,96.69 2 0
unciv-mod-manager/internal/app/github_api.go:96.69,98.3 1 0
unciv-mod-manager/internal/app/github_api.go:99.2,99.22 1 0
unciv-mod-manager/internal/app/github_api.go:104.86,106.35 1 0
unciv-mod-manager/internal/app/github_api.go:106.35,107.57 1 0
unciv-mod-manager/internal/app/github_api.go:107.57,109.4 1 0
unciv-mod-manager/internal/app/github_api.go:112.2,113.40 2 0
unciv-mod-manager/internal/app/github_api.go:117.62,119.16 2 0
unciv-mod-manager/internal/app/github_api.go:119.16,121.3 1 0
unciv-mod-manager/internal/app/github_api.go:122.2,122.94 1 0
unciv-mod-manager/internal/app/github_api.go:139.56,142.16 3 0
unciv-mod-manager/internal/app/github_api.go:142.16,144.3 1 0
unciv-mod-manager/internal/app/github_api.go:145.2,146.20 2 0
unciv-mod-manager/internal/app/github_api.go:146.20,148.3 1 0
unciv-mod-manager/internal/app/github_api.go:149.2,150.47 2 0
unciv-mod-manager/internal/app/github_api.go:150.47,152.18 2 0
unciv-mod-manager/internal/app/github_api.go:152.18,154.4 1 0
unciv-mod-manager/internal/app/github_api.go:155.3,165.14 2 0
unciv-mod-manager/internal/app/github_api.go:167.2,167.18 1 0
unciv-mod-manager/internal/app/github_api.go:170.43,171.17 1 0
unciv-mod-manager/internal/app/github_api.go:171.17,173.3 1 0
unciv-mod-manager/internal/app/github_api.go:174.2,175.41 2 0
unciv-mod-manager/internal/app/github_api.go:175.41,175.87 2 0
unciv-mod-manager/internal/app/github_api.go:176.2,176.12 1 0
unciv-mod-manager/internal/app/github_api.go:181.67,183.16 2 0
unciv-mod-manager/internal/app/github_api.go:183.16,186.3 1 0
unciv-mod-manager/internal/app/github_api.go:187.2,187.17 1 0
unciv-mod-manager/internal/app/github_api.go:187.17,190.26 3 0
unciv-mod-manager/internal/app/github_api.go:190.26,191.109 1 0
unciv-mod-manager/internal/app/github_api.go:191.109,193.5 1 0
unciv-mod-manager/internal/app/github_api.go:195.3,195.11 1 0
unciv-mod-manager/internal/app/github_api.go:197.2,197.18 1 0
unciv-mod-manager/internal/app/github_api.go:200.70,202.17 2 0
unciv-mod-manager/internal/app/github_api.go:202.17,204.3 1 0
unciv-mod-manager/internal/app/github_api.go:207.2,208.47 2 0
unciv-mod-manager/internal/app/github_api.go:208.47,211.3 2 0
unciv-mod-manager/internal/app/github_api.go:214.2,214.40 1 0
unciv-mod-manager/internal/app/github_api.go:214.40,215.44 1 0
unciv-mod-manager/internal/app/github_api.go:215.44,218.4 2 0
unciv-mod-manager/internal/app/github_api.go:220.2,227.16 5 0
unciv-mod-manager/internal/app/github_api.go:227.16,229.39 1 0
unciv-mod-manager/internal/app/github_api.go:229.39,231.18 2 0
unciv-mod-manager/internal/app/github_api.go:231.18,232.10 1 0
unciv-mod-manager/internal/app/github_api.go:236.2,236.16 1 0
unciv-mod-manager/internal/app/github_api.go:236.16,238.3 1 0
unciv-mod-manager/internal/app/github_api.go:240.2,241.33 2 0
unciv-mod-manager/internal/app/github_api.go:241.33,252.3 1 0
unciv-mod-manager/internal/app/github_api.go:254.2,255.26 2 0
unciv-mod-manager/internal/app/github_api.go:255.26,257.3 1 0
unciv-mod-manager/internal/app/github_api.go:258.2,260.34 3 0
unciv-mod-manager/internal/app/github_api.go:260.34,261.26 1 0
unciv-mod-manager/internal/app/github_api.go:261.26,263.4 1 0
unciv-mod-manager/internal/app/github_api.go:265.2,266.18 2 0
unciv-mod-manager/internal/app/github_api.go:286.65,288.2 1 0
unciv-mod-manager/internal/app/github_api.go:290.69,295.32 5 0
unciv-mod-manager/internal/app/github_api.go:295.32,297.3 1 0
unciv-mod-manager/internal/app/github_api.go:299.2,300.16 2 0
unciv-mod-manager/internal/app/github_api.go:300.16,302.3 1 0
unciv-mod-manager/internal/app/github_api.go:303.2,305.94 2 0
unciv-mod-manager/internal/app/github_api.go:305.94,308.3 2 0
unciv-mod-manager/internal/app/github_api.go:309.2,309.38 1 0
unciv-mod-manager/internal/app/github_api.go:309.38,311.3 1 0
unciv-mod-manager/internal/app/github_api.go:312.2,313.67 2 0
unciv-mod-manager/internal/app/github_api.go:313.67,315.3 1 0
unciv-mod-manager/internal/app/github_api.go:316.2,316.21 1 0
unciv-mod-manager/internal/app/github_api.go:327.63,336.38 4 0
unciv-mod-manager/internal/app/github_api.go:336.38,338.3 1 0
unciv-mod-manager/internal/app/github_api.go:340.2,346.25 4 0
unciv-mod-manager/internal/app/github_api.go:346.25,347.23 1 0
unciv-mod-manager/internal/app/github_api.go:347.23,350.18 3 0
unciv-mod-manager/internal/app/github_api.go:350.18,353.5 2 0
unciv-mod-manager/internal/app/github_api.go:354.4,355.40 2 0
unciv-mod-manager/internal/app/github_api.go:355.40,358.5 2 0
unciv-mod-manager/internal/app/github_api.go:359.4,361.8 3 0
unciv-mod-manager/internal/app/github_api.go:361.8,363.14 2 0
unciv-mod-manager/internal/app/github_api.go:363.14,365.6 1 0
unciv-mod-manager/internal/app/github_api.go:366.5,366.19 1 0
unciv-mod-manager/internal/app/github_api.go:366.19,367.11 1 0
unciv-mod-manager/internal/app/github_api.go:370.4,370.47 1 0
unciv-mod-manager/internal/app/github_api.go:375.2,377.27 3 0
unciv-mod-manager/internal/app/github_api.go:377.27,378.10 1 0
unciv-mod-manager/internal/app/github_api.go:379.18,381.20 2 0
unciv-mod-manager/internal/app/github_api.go:381.20,383.5 1 0
unciv-mod-manager/internal/app/github_api.go:384.18,385.96 1 0
unciv-mod-manager/internal/app/github_api.go:388.2,388.41 1 0
unciv-mod-manager/internal/app/github_api.go:391.33,396.2 3 1
unciv-mod-manager/internal/app/logger.go:26.35,27.11 1 0
unciv-mod-manager/internal/app/logger.go:28.13,29.17 1 0
unciv-mod-manager/internal/app/logger.go:30.12,31.16 1 0
unciv-mod-manager/internal/app/logger.go:32.12,33.16 1 0
unciv-mod-manager/internal/app/logger.go:34.13,35.17 1 0
unciv-mod-manager/internal/app/logger.go:36.10,37.19 1 0
unciv-mod-manager/internal/app/logger.go:61.48,62.54 1 0
unciv-mod-manager/internal/app/logger.go:62.54,64.3 1 0
unciv-mod-manager/internal/app/logger.go:65.2,70.20 2 0
unciv-mod-manager/internal/app/logger.go:70.20,72.3 1 0
unciv-mod-manager/internal/app/logger.go:73.2,73.23 1 0
unciv-mod-manager/internal/app/logger.go:73.23,75.3 1 0
unciv-mod-manager/internal/app/logger.go:76.2,76.37 1 0
unciv-mod-manager/internal/app/logger.go:76.37,78.3 1 0
unciv-mod-manager/internal/app/logger.go:79.2,79.15 1 0
unciv-mod-manager/internal/app/logger.go:83.35,86.16 3 0
unciv-mod-manager/internal/app/logger.go:86.16,88.3 1 0
unciv-mod-manager/internal/app/logger.go:89.2,90.16 2 0
unciv-mod-manager/internal/app/logger.go:90.16,93.3 2 0
unciv-mod-manager/internal/app/logger.go:94.2,96.12 3 0
unciv-mod-manager/internal/app/logger.go:100.33,101.24 1 0
unciv-mod-manager/internal/app/logger.go:101.24,103.3 1 0
unciv-mod-manager/internal/app/logger.go:104.2,110.41 4 0
unciv-mod-manager/internal/app/logger.go:110.41,113.41 3 0
unciv-mod-manager/internal/app/logger.go:113.41,115.4 1 0
unciv-mod-manager/internal/app/logger.go:118.2,120.21 2 0
unciv-mod-manager/internal/app/logger.go:124.81,135.19 5 0
unciv-mod-manager/internal/app/logger.go:135.19,137.3 1 0
unciv-mod-manager/internal/app/logger.go:138.2,140.12 3 0
unciv-mod-manager/internal/app/logger.go:144.32,147.19 3 0
unciv-mod-manager/internal/app/logger.go:147.19,149.3 1 0
unciv-mod-manager/internal/app/logger.go:150.2,150.12 1 0
unciv-mod-manager/internal/app/logger.go:158.38,160.16 2 0
unciv-mod-manager/internal/app/logger.go:160.16,162.3 1 0
unciv-mod-manager/internal/app/logger.go:163.2,164.12 2 0
unciv-mod-manager/internal/app/logger.go:168.67,169.22 1 0
unciv-mod-manager/internal/app/logger.go:169.22,171.3 1 0
unciv-mod-manager/internal/app/logger.go:175.55,177.2 1 0
unciv-mod-manager/internal/app/logger.go:180.55,182.2 1 0
unciv-mod-manager/internal/app/logger.go:185.56,187.2 1 0
unciv-mod-manager/internal/app/logger.go:190.39,191.30 1 0
unciv-mod-manager/internal/app/logger.go:191.30,193.3 1 0
unciv-mod-manager/internal/app/logger.go:199.47,202.16 3 0
unciv-mod-manager/internal/app/logger.go:202.16,204.3 1 0
unciv-mod-manager/internal/app/logger.go:205.2,206.28 2 0
unciv-mod-manager/internal/app/logger.go:206.28,207.95 1 0
unciv-mod-manager/internal/app/logger.go:207.95,209.4 1 0
unciv-mod-manager/internal/app/logger.go:211.2,211.40 1 0
unciv-mod-manager/internal/app/logger.go:211.40,211.70 1 0
unciv-mod-manager/internal/app/logger.go:212.2,212.19 1 0
unciv-mod-manager/internal/app/logger.go:216.56,217.34 1 0
unciv-mod-manager/internal/app/logger.go:217.34,219.3 1 0
unciv-mod-manager/internal/app/logger.go:220.2,221.16 2 0
unciv-mod-manager/internal/app/logger.go:221.16,223.3 1 0
unciv-mod-manager/internal/app/logger.go:224.2,224.26 1 0
unciv-mod-manager/internal/app/map_importer.go:27.78,29.21 2 0
unciv-mod-manager/internal/app/map_importer.go:29.21,31.3 1 0
unciv-mod-manager/internal/app/map_importer.go:32.2,32.20 1 0
unciv-mod-manager/internal/app/map_importer.go:32.20,34.3 1 0
unciv-mod-manager/internal/app/map_importer.go:36.2,37.77 2 0
unciv-mod-manager/internal/app/map_importer.go:37.77,39.3 1 0
unciv-mod-manager/internal/app/map_importer.go:41.2,41.37 1 0
unciv-mod-manager/internal/app/map_importer.go:41.37,42.28 1 0
unciv-mod-manager/internal/app/map_importer.go:42.28,44.4 1 0
unciv-mod-manager/internal/app/map_importer.go:45.3,45.85 1 0
unciv-mod-manager/internal/app/map_importer.go:45.85,47.4 1 0
unciv-mod-manager/internal/app/map_importer.go:51.2,52.16 2 0
unciv-mod-manager/internal/app/map_importer.go:52.16,53.38 1 0
unciv-mod-manager/internal/app/map_importer.go:53.38,54.57 1 0
unciv-mod-manager/internal/app/map_importer.go:54.57,56.5 1 0
unciv-mod-manager/internal/app/map_importer.go:59.2,59.16 1 0
unciv-mod-manager/internal/app/map_importer.go:59.16,61.3 1 0
unciv-mod-manager/internal/app/map_importer.go:63.2,68.69 4 0
unciv-mod-manager/internal/app/map_importer.go:68.69,69.21 1 0
unciv-mod-manager/internal/app/map_importer.go:69.21,71.79 2 0
unciv-mod-manager/internal/app/map_importer.go:71.79,72.10 1 0
unciv-mod-manager/internal/app/map_importer.go:77.2,77.85 1 0
unciv-mod-manager/internal/app/map_importer.go:81.44,82.16 1 0
unciv-mod-manager/internal/app/map_importer.go:82.16,84.3 1 0
unciv-mod-manager/internal/app/map_importer.go:85.2,88.89 4 0
unciv-mod-manager/internal/app/map_importer.go:88.89,90.3 1 0
unciv-mod-manager/internal/app/map_importer.go:91.2,91.27 1 0
unciv-mod-manager/internal/app/map_importer.go:96.73,97.36 1 0
unciv-mod-manager/internal/app/map_importer.go:97.36,99.3 1 0
unciv-mod-manager/internal/app/map_importer.go:101.2,104.68 4 0
unciv-mod-manager/internal/app/map_importer.go:104.68,106.3 1 0
unciv-mod-manager/internal/app/map_importer.go:108.2,109.44 2 0
unciv-mod-manager/internal/app/map_importer.go:109.44,111.3 1 0
unciv-mod-manager/internal/app/map_importer.go:112.2,112.52 1 0
unciv-mod-manager/internal/app/map_importer.go:112.52,114.3 1 0
unciv-mod-manager/internal/app/map_importer.go:115.2,115.34 1 0
unciv-mod-manager/internal/app/map_importer.go:119.45,121.21 2 0
unciv-mod-manager/internal/app/map_importer.go:121.21,123.3 1 0
unciv-mod-manager/internal/app/map_importer.go:125.2,129.53 3 0
unciv-mod-manager/internal/app/map_importer.go:129.53,130.29 1 0
unciv-mod-manager/internal/app/map_importer.go:130.29,131.42 1 0
unciv-mod-manager/internal/app/map_importer.go:131.42,137.5 1 0
unciv-mod-manager/internal/app/map_importer.go:142.2,143.53 2 0
unciv-mod-manager/internal/app/map_importer.go:143.53,144.29 1 0
unciv-mod-manager/internal/app/map_importer.go:144.29,145.18 1 0
unciv-mod-manager/internal/app/map_importer.go:145.18,146.13 1 0
unciv-mod-manager/internal/app/map_importer.go:148.4,149.61 2 0
unciv-mod-manager/internal/app/map_importer.go:149.61,150.35 1 0
unciv-mod-manager/internal/app/map_importer.go:150.35,151.21 1 0
unciv-mod-manager/internal/app/map_importer.go:151.21,158.7 1 0
unciv-mod-manager/internal/app/map_importer.go:164.2,164.17 1 0
unciv-mod-manager/internal/app/map_importer.go:164.17,166.3 1 0
unciv-mod-manager/internal/app/map_importer.go:167.2,167.18 1 0
unciv-mod-manager/internal/app/map_importer.go:172.61,174.21 2 0
unciv-mod-manager/internal/app/map_importer.go:174.21,176.3 1 0
unciv-mod-manager/internal/app/map_importer.go:178.2,181.13 3 0
unciv-mod-manager/internal/app/map_importer.go:182.18,183.54 1 0
unciv-mod-manager/internal/app/map_importer.go:185.14,187.17 2 0
unciv-mod-manager/internal/app/map_importer.go:187.17,189.4 1 0
unciv-mod-manager/internal/app/map_importer.go:190.3,191.104 2 0
unciv-mod-manager/internal/app/map_importer.go:193.14,194.48 1 0
unciv-mod-manager/internal/app/map_importer.go:196.10,197.58 1 0
unciv-mod-manager/internal/app/map_importer.go:201.81,205.51 4 0
unciv-mod-manager/internal/app/map_importer.go:205.51,207.3 1 0
unciv-mod-manager/internal/app/map_importer.go:208.2,208.63 1 0
unciv-mod-manager/internal/app/map_importer.go:211.75,213.16 2 0
unciv-mod-manager/internal/app/map_importer.go:213.16,215.3 1 0
unciv-mod-manager/internal/app/map_importer.go:216.2,220.27 4 0
unciv-mod-manager/internal/app/map_importer.go:220.27,221.89 1 0
unciv-mod-manager/internal/app/map_importer.go:221.89,223.4 1 0
unciv-mod-manager/internal/app/map_importer.go:224.3,224.61 1 0
unciv-mod-manager/internal/app/map_importer.go:224.61,226.4 1 0
unciv-mod-manager/internal/app/map_importer.go:229.2,229.19 1 0
unciv-mod-manager/internal/app/map_importer.go:229.19,232.17 3 0
unciv-mod-manager/internal/app/map_importer.go:232.17,234.4 1 0
unciv-mod-manager/internal/app/map_importer.go:235.3,235.66 1 0
unciv-mod-manager/internal/app/map_importer.go:238.2,238.12 1 0
unciv-mod-manager/internal/app/map_importer.go:238.12,244.29 5 0
unciv-mod-manager/internal/app/map_importer.go:244.29,245.62 1 0
unciv-mod-manager/internal/app/map_importer.go:245.62,252.5 6 0
unciv-mod-manager/internal/app/map_importer.go:254.3,254.52 1 0
unciv-mod-manager/internal/app/map_importer.go:257.2,257.76 1 0
unciv-mod-manager/internal/app/map_importer.go:260.85,264.51 4 0
unciv-mod-manager/internal/app/map_importer.go:264.51,266.3 1 0
unciv-mod-manager/internal/app/map_importer.go:267.2,267.102 1 0
unciv-mod-manager/internal/app/map_importer.go:272.38,274.16 2 0
unciv-mod-manager/internal/app/map_importer.go:274.16,276.3 1 0
unciv-mod-manager/internal/app/map_importer.go:277.2,279.16 3 0
unciv-mod-manager/internal/app/map_importer.go:279.16,281.3 1 0
unciv-mod-manager/internal/app/map_importer.go:282.2,284.12 3 0
unciv-mod-manager/internal/app/map_importer.go:287.51,289.2 1 0
unciv-mod-manager/internal/app/mirror.go:29.32,38.2 1 1
unciv-mod-manager/internal/app/mirror.go:43.40,48.25 4 0
unciv-mod-manager/internal/app/mirror.go:48.25,50.24 2 0
unciv-mod-manager/internal/app/mirror.go:50.24,53.4 2 0
unciv-mod-manager/internal/app/mirror.go:55.2,55.43 1 0
unciv-mod-manager/internal/app/mirror.go:55.43,57.24 2 0
unciv-mod-manager/internal/app/mirror.go:57.24,60.4 2 0
unciv-mod-manager/internal/app/mirror.go:62.2,62.12 1 0
unciv-mod-manager/internal/app/mirror.go:67.50,68.38 1 0
unciv-mod-manager/internal/app/mirror.go:68.38,70.17 2 0
unciv-mod-manager/internal/app/mirror.go:70.17,71.12 1 0
unciv-mod-manager/internal/app/mirror.go:73.3,73.39 1 0
unciv-mod-manager/internal/app/mirror.go:73.39,75.4 1 0
unciv-mod-manager/internal/app/mirror.go:77.2,77.14 1 0
unciv-mod-manager/internal/app/mirror.go:82.46,90.30 5 0
unciv-mod-manager/internal/app/mirror.go:90.30,92.44 2 0
unciv-mod-manager/internal/app/mirror.go:92.44,105.18 7 0
unciv-mod-manager/internal/app/mirror.go:105.18,107.41 2 0
unciv-mod-manager/internal/app/mirror.go:107.41,110.6 2 0
unciv-mod-manager/internal/app/mirror.go:112.4,112.19 1 0
unciv-mod-manager/internal/app/mirror.go:115.2,119.20 4 0
unciv-mod-manager/internal/app/mirror.go:119.20,121.3 1 0
unciv-mod-manager/internal/app/mirror.go:122.2,122.12 1 0
unciv-mod-manager/internal/app/mirror.go:127.56,131.16 4 0
unciv-mod-manager/internal/app/mirror.go:131.16,133.3 1 0
unciv-mod-manager/internal/app/mirror.go:134.2,135.38 2 0
unciv-mod-manager/internal/app/mirror.go:135.38,137.3 1 0
unciv-mod-manager/internal/app/mirror.go:138.2,138.41 1 0
unciv-mod-manager/internal/app/mirror.go:152.46,156.2 3 1
unciv-mod-manager/internal/app/mirror.go:164.54,165.36 1 1
unciv-mod-manager/internal/app/mirror.go:165.36,167.3 1 1
unciv-mod-manager/internal/app/mirror.go:168.2,170.53 3 1
unciv-mod-manager/internal/app/mirror.go:175.43,177.16 2 1
unciv-mod-manager/internal/app/mirror.go:177.16,179.3 1 0
unciv-mod-manager/internal/app/mirror.go:180.2,180.15 1 1
unciv-mod-manager/internal/app/mirror.go:184.59,186.2 1 1
unciv-mod-manager/internal/app/multiplayer.go:39.51,41.16 2 0
unciv-mod-manager/internal/app/multiplayer.go:41.16,43.3 1 0
unciv-mod-manager/internal/app/multiplayer.go:44.2,45.25 2 0
unciv-mod-manager/internal/app/multiplayer.go:45.25,52.3 1 0
unciv-mod-manager/internal/app/multiplayer.go:53.2,61.58 6 0
unciv-mod-manager/internal/app/multiplayer.go:61.58,63.3 1 0
unciv-mod-manager/internal/app/multiplayer.go:64.2,64.21 1 0
unciv-mod-manager/internal/app/multiplayer.go:68.78,70.16 2 0
unciv-mod-manager/internal/app/multiplayer.go:70.16,72.3 1 0
unciv-mod-manager/internal/app/multiplayer.go:73.2,74.54 2 0
unciv-mod-manager/internal/app/multiplayer.go:74.54,76.3 1 0
unciv-mod-manager/internal/app/multiplayer.go:78.2,80.25 3 0
unciv-mod-manager/internal/app/multiplayer.go:80.25,82.3 1 0
unciv-mod-manager/internal/app/multiplayer.go:84.2,85.32 2 0
unciv-mod-manager/internal/app/multiplayer.go:85.32,87.3 1 0
unciv-mod-manager/internal/app/multiplayer.go:89.2,92.34 2 0
unciv-mod-manager/internal/app/multiplayer.go:92.34,93.38 1 0
unciv-mod-manager/internal/app/multiplayer.go:93.38,95.19 2 0
unciv-mod-manager/internal/app/multiplayer.go:95.19,95.37 1 0
unciv-mod-manager/internal/app/multiplayer.go:96.4,99.6 1 0
unciv-mod-manager/internal/app/multiplayer.go:103.2,103.38 1 0
unciv-mod-manager/internal/app/multiplayer.go:103.38,105.18 2 0
unciv-mod-manager/internal/app/multiplayer.go:105.18,105.36 1 0
unciv-mod-manager/internal/app/multiplayer.go:106.3,106.42 1 0
unciv-mod-manager/internal/app/multiplayer.go:106.42,111.4 1 0
unciv-mod-manager/internal/app/multiplayer.go:111.9,111.96 1 0
unciv-mod-manager/internal/app/multiplayer.go:111.96,116.4 1 0
unciv-mod-manager/internal/app/multiplayer.go:120.2,121.84 2 0
unciv-mod-manager/internal/app/multiplayer.go:121.84,126.3 1 0
unciv-mod-manager/internal/app/multiplayer.go:128.2,128.18 1 0
unciv-mod-manager/internal/app/multiplayer.go:128.18,130.3 1 0
unciv-mod-manager/internal/app/multiplayer.go:131.2,131.19 1 0
unciv-mod-manager/internal/app/multiplayer.go:134.41,137.53 2 0
unciv-mod-manager/internal/app/multiplayer.go:137.53,139.58 1 0
unciv-mod-manager/internal/app/multiplayer.go:139.58,140.84 1 0
unciv-mod-manager/internal/app/multiplayer.go:140.84,142.5 1 0
unciv-mod-manager/internal/app/multiplayer.go:145.2,145.17 1 0
unciv-mod-manager/internal/app/multiplayer.go:149.52,152.47 2 0
unciv-mod-manager/internal/app/multiplayer.go:152.47,154.3 1 0
unciv-mod-manager/internal/app/multiplayer.go:156.2,157.31 2 0
unciv-mod-manager/internal/app/multiplayer.go:157.31,159.3 1 0
unciv-mod-manager/internal/app/multiplayer.go:159.8,159.37 1 0
unciv-mod-manager/internal/app/multiplayer.go:159.37,161.3 1 0
unciv-mod-manager/internal/app/multiplayer.go:161.8,163.3 1 0
unciv-mod-manager/internal/app/multiplayer.go:164.2,164.36 1 0
unciv-mod-manager/internal/app/multiplayer.go:164.36,166.3 1 0
unciv-mod-manager/internal/app/multiplayer.go:167.2,167.17 1 0
unciv-mod-manager/internal/app/saves.go:37.47,39.21 2 0
unciv-mod-manager/internal/app/saves.go:39.21,41.3 1 0
unciv-mod-manager/internal/app/saves.go:42.2,44.16 3 0
unciv-mod-manager/internal/app/saves.go:44.16,46.3 1 0
unciv-mod-manager/internal/app/saves.go:48.2,49.28 2 0
unciv-mod-manager/internal/app/saves.go:49.28,50.16 1 0
unciv-mod-manager/internal/app/saves.go:50.16,51.12 1 0
unciv-mod-manager/internal/app/saves.go:53.3,55.17 3 0
unciv-mod-manager/internal/app/saves.go:55.17,56.12 1 0
unciv-mod-manager/internal/app/saves.go:59.3,67.30 3 0
unciv-mod-manager/internal/app/saves.go:70.2,70.40 1 0
unciv-mod-manager/internal/app/saves.go:70.40,72.3 1 0
unciv-mod-manager/internal/app/saves.go:74.2,74.18 1 0
unciv-mod-manager/internal/app/saves.go:74.18,76.3 1 0
unciv-mod-manager/internal/app/saves.go:77.2,77.19 1 0
unciv-mod-manager/internal/app/saves.go:81.45,82.16 1 0
unciv-mod-manager/internal/app/saves.go:82.16,84.3 1 0
unciv-mod-manager/internal/app/saves.go:86.2,89.67 4 0
unciv-mod-manager/internal/app/saves.go:89.67,91.3 1 0
unciv-mod-manager/internal/app/saves.go:92.2,92.27 1 0
unciv-mod-manager/internal/app/saves.go:98.60,99.20 1 0
unciv-mod-manager/internal/app/saves.go:99.20,101.3 1 0
unciv-mod-manager/internal/app/saves.go:102.2,103.16 2 0
unciv-mod-manager/internal/app/saves.go:103.16,105.3 1 0
unciv-mod-manager/internal/app/saves.go:107.2,112.48 5 0
unciv-mod-manager/internal/app/saves.go:112.48,114.3 1 0
unciv-mod-manager/internal/app/saves.go:115.2,115.17 1 0
unciv-mod-manager/internal/app/saves.go:119.57,122.16 3 0
unciv-mod-manager/internal/app/saves.go:122.16,124.3 1 0
unciv-mod-manager/internal/app/saves.go:125.2,126.28 2 0
unciv-mod-manager/internal/app/saves.go:126.28,127.16 1 0
unciv-mod-manager/internal/app/saves.go:127.16,128.12 1 0
unciv-mod-manager/internal/app/saves.go:130.3,131.17 2 0
unciv-mod-manager/internal/app/saves.go:131.17,132.12 1 0
unciv-mod-manager/internal/app/saves.go:135.3,137.87 3 0
unciv-mod-manager/internal/app/saves.go:137.87,140.4 2 0
unciv-mod-manager/internal/app/saves.go:141.3,148.5 1 0
unciv-mod-manager/internal/app/saves.go:150.2,150.22 1 0
unciv-mod-manager/internal/app/saves.go:154.69,155.22 1 0
unciv-mod-manager/internal/app/saves.go:155.22,157.3 1 0
unciv-mod-manager/internal/app/saves.go:158.2,159.16 2 0
unciv-mod-manager/internal/app/saves.go:159.16,161.3 1 0
unciv-mod-manager/internal/app/saves.go:162.2,163.53 2 0
unciv-mod-manager/internal/app/saves.go:163.53,165.3 1 0
unciv-mod-manager/internal/app/saves.go:166.2,166.20 1 0
unciv-mod-manager/internal/app/saves.go:170.58,172.2 1 0
unciv-mod-manager/internal/app/saves.go:176.48,178.34 2 1
unciv-mod-manager/internal/app/saves.go:178.34,180.3 1 1
unciv-mod-manager/internal/app/saves.go:182.2,182.25 1 0
unciv-mod-manager/internal/app/saves.go:182.25,184.3 1 0
unciv-mod-manager/internal/app/saves.go:185.2,188.69 2 0
unciv-mod-manager/internal/app/saves.go:188.69,190.3 1 0
unciv-mod-manager/internal/app/saves.go:190.8,190.66 1 0
unciv-mod-manager/internal/app/saves.go:190.66,192.3 1 0
unciv-mod-manager/internal/app/saves.go:195.2,195.50 1 0
unciv-mod-manager/internal/app/saves.go:195.50,197.3 1 0
unciv-mod-manager/internal/app/saves.go:200.2,201.44 2 0
unciv-mod-manager/internal/app/saves.go:201.44,202.46 1 0
unciv-mod-manager/internal/app/saves.go:202.46,205.4 2 0
unciv-mod-manager/internal/app/saves.go:206.3,206.14 1 0
unciv-mod-manager/internal/app/saves.go:208.2,208.21 1 0
unciv-mod-manager/internal/app/saves.go:208.21,209.53 1 0
unciv-mod-manager/internal/app/saves.go:209.53,211.4 1 0
unciv-mod-manager/internal/app/saves.go:215.2,216.37 2 0
unciv-mod-manager/internal/app/saves.go:216.37,218.3 1 0
unciv-mod-manager/internal/app/saves.go:219.2,219.37 1 0
unciv-mod-manager/internal/app/saves.go:219.37,222.38 2 0
unciv-mod-manager/internal/app/saves.go:222.38,224.4 1 0
unciv-mod-manager/internal/app/saves.go:226.2,226.35 1 0
unciv-mod-manager/internal/app/saves.go:226.35,227.44 1 0
unciv-mod-manager/internal/app/saves.go:227.44,230.4 2 0
unciv-mod-manager/internal/app/scanner.go:14.45,16.21 2 0
unciv-mod-manager/internal/app/scanner.go:16.21,18.3 1 0
unciv-mod-manager/internal/app/scanner.go:20.2,21.44 2 0
unciv-mod-manager/internal/app/scanner.go:21.44,23.3 1 0
unciv-mod-manager/internal/app/scanner.go:25.2,26.16 2 0
unciv-mod-manager/internal/app/scanner.go:26.16,28.3 1 0
unciv-mod-manager/internal/app/scanner.go:30.2,31.32 2 0
unciv-mod-manager/internal/app/scanner.go:31.32,32.21 1 0
unciv-mod-manager/internal/app/scanner.go:32.21,33.12 1 0
unciv-mod-manager/internal/app/scanner.go:36.3,38.17 3 0
unciv-mod-manager/internal/app/scanner.go:38.17,39.12 1 0
unciv-mod-manager/internal/app/scanner.go:41.3,41.31 1 0
unciv-mod-manager/internal/app/scanner.go:44.2,44.18 1 0
unciv-mod-manager/internal/app/scanner.go:48.73,55.72 2 0
unciv-mod-manager/internal/app/scanner.go:55.72,57.3 1 0
unciv-mod-manager/internal/app/scanner.go:59.2,59.74 1 0
unciv-mod-manager/internal/app/scanner.go:59.74,61.3 1 0
unciv-mod-manager/internal/app/scanner.go:64.2,66.16 3 0
unciv-mod-manager/internal/app/scanner.go:66.16,68.26 1 0
unciv-mod-manager/internal/app/scanner.go:68.26,73.4 4 0
unciv-mod-manager/internal/app/scanner.go:74.3,74.48 1 0
unciv-mod-manager/internal/app/scanner.go:78.2,80.21 3 0
unciv-mod-manager/internal/app/scanner.go:80.21,82.3 1 0
unciv-mod-manager/internal/app/scanner.go:83.2,85.23 3 0
unciv-mod-manager/internal/app/scanner.go:85.23,86.51 1 0
unciv-mod-manager/internal/app/scanner.go:86.51,90.49 4 0
unciv-mod-manager/internal/app/scanner.go:90.49,92.5 1 0
unciv-mod-manager/internal/app/scanner.go:94.3,94.24 1 0
unciv-mod-manager/internal/app/scanner.go:94.24,96.4 1 0
unciv-mod-manager/internal/app/scanner.go:98.2,100.23 3 0
unciv-mod-manager/internal/app/scanner.go:100.23,102.3 1 0
unciv-mod-manager/internal/app/scanner.go:103.2,107.58 3 0
unciv-mod-manager/internal/app/scanner.go:107.58,110.3 2 0
unciv-mod-manager/internal/app/scanner.go:113.2,115.18 2 0
unciv-mod-manager/internal/app/scanner.go:119.89,121.27 2 1
unciv-mod-manager/internal/app/scanner.go:121.27,123.3 1 1
unciv-mod-manager/internal/app/scanner.go:125.2,125.19 1 1
unciv-mod-manager/internal/app/scanner.go:125.19,127.3 1 1
unciv-mod-manager/internal/app/scanner.go:128.2,128.36 1 1
unciv-mod-manager/internal/app/scanner.go:128.36,130.3 1 1
unciv-mod-manager/internal/app/scanner.go:131.2,131.36 1 1
unciv-mod-manager/internal/app/scanner.go:131.36,133.3 1 1
unciv-mod-manager/internal/app/scanner.go:134.2,134.33 1 1
unciv-mod-manager/internal/app/scanner.go:134.33,136.3 1 1
unciv-mod-manager/internal/app/scanner.go:137.2,137.38 1 1
unciv-mod-manager/internal/app/scanner.go:137.38,139.3 1 1
unciv-mod-manager/internal/app/scanner.go:140.2,140.31 1 1
unciv-mod-manager/internal/app/scanner.go:140.31,142.3 1 1
unciv-mod-manager/internal/app/scanner.go:143.2,143.32 1 1
unciv-mod-manager/internal/app/scanner.go:143.32,145.3 1 1
unciv-mod-manager/internal/app/scanner.go:148.2,148.32 1 1
unciv-mod-manager/internal/app/scanner.go:148.32,150.3 1 0
unciv-mod-manager/internal/app/scanner.go:151.2,151.28 1 1
unciv-mod-manager/internal/app/scanner.go:151.28,153.3 1 0
unciv-mod-manager/internal/app/scanner.go:154.2,154.25 1 1
unciv-mod-manager/internal/app/scanner.go:154.25,156.3 1 0
unciv-mod-manager/internal/app/scanner.go:158.2,158.23 1 1
unciv-mod-manager/internal/app/scanner.go:162.38,165.2 2 1
unciv-mod-manager/internal/app/scanner.go:168.45,173.78 4 1
unciv-mod-manager/internal/app/scanner.go:173.78,174.33 1 1
unciv-mod-manager/internal/app/scanner.go:174.33,176.4 1 1
unciv-mod-manager/internal/app/scanner.go:177.3,177.60 1 0
unciv-mod-manager/internal/app/scanner.go:177.60,179.4 1 0
unciv-mod-manager/internal/app/scanner.go:180.3,180.60 1 0
unciv-mod-manager/internal/app/scanner.go:180.60,182.4 1 0
unciv-mod-manager/internal/app/scanner.go:183.3,183.13 1 0
unciv-mod-manager/internal/app/scanner.go:186.2,186.30 1 1
unciv-mod-manager/internal/app/scanner.go:190.41,192.78 2 1
unciv-mod-manager/internal/app/scanner.go:192.78,193.33 1 1
unciv-mod-manager/internal/app/scanner.go:193.33,195.4 1 1
unciv-mod-manager/internal/app/scanner.go:196.3,197.37 2 0
unciv-mod-manager/internal/app/scanner.go:197.37,200.4 2 0
unciv-mod-manager/internal/app/scanner.go:201.3,201.13 1 0
unciv-mod-manager/internal/app/scanner.go:203.2,203.14 1 1
unciv-mod-manager/internal/app/scanner.go:209.56,212.16 3 0
unciv-mod-manager/internal/app/scanner.go:212.16,214.3 1 0
unciv-mod-manager/internal/app/scanner.go:216.2,216.54 1 0
unciv-mod-manager/internal/app/scanner.go:220.55,223.16 3 0
unciv-mod-manager/internal/app/scanner.go:223.16,225.3 1 0
unciv-mod-manager/internal/app/scanner.go:226.2,226.21 1 0
unciv-mod-manager/internal/app/scanner.go:229.39,231.2 1 0
unciv-mod-manager/internal/app/scanner.go:234.31,236.72 2 0
unciv-mod-manager/internal/app/scanner.go:236.72,237.33 1 0
unciv-mod-manager/internal/app/scanner.go:237.33,239.4 1 0
unciv-mod-manager/internal/app/scanner.go:240.3,241.13 2 0
unciv-mod-manager/internal/app/scanner.go:243.2,243.19 1 0
unciv-mod-manager/internal/app/selfupdate.go:26.57,44.16 5 0
unciv-mod-manager/internal/app/selfupdate.go:44.16,46.39 1 0
unciv-mod-manager/internal/app/selfupdate.go:46.39,48.18 2 0
unciv-mod-manager/internal/app/selfupdate.go:48.18,49.10 1 0
unciv-mod-manager/internal/app/selfupdate.go:51.4,51.44 1 0
unciv-mod-manager/internal/app/selfupdate.go:51.44,54.5 2 0
unciv-mod-manager/internal/app/selfupdate.go:56.3,56.17 1 0
unciv-mod-manager/internal/app/selfupdate.go:56.17,57.44 1 0
unciv-mod-manager/internal/app/selfupdate.go:57.44,60.5 2 0
unciv-mod-manager/internal/app/selfupdate.go:61.4,61.91 1 0
unciv-mod-manager/internal/app/selfupdate.go:65.2,69.46 4 0
unciv-mod-manager/internal/app/selfupdate.go:69.46,71.40 2 0
unciv-mod-manager/internal/app/selfupdate.go:71.40,73.60 1 0
unciv-mod-manager/internal/app/selfupdate.go:73.60,75.10 2 0
unciv-mod-manager/internal/app/selfupdate.go:78.3,78.29 1 0
unciv-mod-manager/internal/app/selfupdate.go:78.29,80.4 1 0
unciv-mod-manager/internal/app/selfupdate.go:82.2,82.18 1 0
unciv-mod-manager/internal/app/selfupdate.go:87.70,89.2 1 0
unciv-mod-manager/internal/app/selfupdate.go:96.60,100.19 2 0
unciv-mod-manager/internal/app/selfupdate.go:100.19,102.3 1 0
unciv-mod-manager/internal/app/selfupdate.go:103.2,107.31 3 0
unciv-mod-manager/internal/app/selfupdate.go:107.31,108.39 1 0
unciv-mod-manager/internal/app/selfupdate.go:108.39,110.9 2 0
unciv-mod-manager/internal/app/selfupdate.go:113.2,113.19 1 0
unciv-mod-manager/internal/app/selfupdate.go:113.19,115.3 1 0
unciv-mod-manager/internal/app/selfupdate.go:118.2,119.16 2 0
unciv-mod-manager/internal/app/selfupdate.go:119.16,121.3 1 0
unciv-mod-manager/internal/app/selfupdate.go:122.2,125.27 3 0
unciv-mod-manager/internal/app/selfupdate.go:125.27,126.112 1 0
unciv-mod-manager/internal/app/selfupdate.go:126.112,128.9 2 0
unciv-mod-manager/internal/app/selfupdate.go:131.2,131.21 1 0
unciv-mod-manager/internal/app/selfupdate.go:131.21,133.3 1 0
unciv-mod-manager/internal/app/selfupdate.go:136.2,137.16 2 0
unciv-mod-manager/internal/app/selfupdate.go:137.16,139.3 1 0
unciv-mod-manager/internal/app/selfupdate.go:140.2,145.16 4 0
unciv-mod-manager/internal/app/selfupdate.go:145.16,147.3 1 0
unciv-mod-manager/internal/app/selfupdate.go:148.2,149.16 2 0
unciv-mod-manager/internal/app/selfupdate.go:149.16,153.3 3 0
unciv-mod-manager/internal/app/selfupdate.go:154.2,157.16 4 0
unciv-mod-manager/internal/app/selfupdate.go:157.16,160.3 2 0
unciv-mod-manager/internal/app/selfupdate.go:163.2,166.58 3 0
unciv-mod-manager/internal/app/selfupdate.go:166.58,169.3 2 0
unciv-mod-manager/internal/app/selfupdate.go:170.2,170.58 1 0
unciv-mod-manager/internal/app/selfupdate.go:170.58,175.3 3 0
unciv-mod-manager/internal/app/selfupdate.go:177.2,178.20 2 0
unciv-mod-manager/internal/app/selfupdate.go:183.54,190.16 6 0
unciv-mod-manager/internal/app/selfupdate.go:190.16,192.3 1 0
unciv-mod-manager/internal/app/selfupdate.go:193.2,195.38 2 0
unciv-mod-manager/internal/app/selfupdate.go:195.38,197.3 1 0
unciv-mod-manager/internal/app/selfupdate.go:198.2,198.50 1 0
unciv-mod-manager/internal/app/selfupdate.go:203.37,206.25 3 1
unciv-mod-manager/internal/app/selfupdate.go:206.25,209.18 3 1
unciv-mod-manager/internal/app/selfupdate.go:209.18,211.4 1 1
unciv-mod-manager/internal/app/selfupdate.go:212.3,212.18 1 1
unciv-mod-manager/internal/app/selfupdate.go:212.18,214.4 1 1
unciv-mod-manager/internal/app/selfupdate.go:215.3,215.14 1 1
unciv-mod-manager/internal/app/selfupdate.go:215.14,217.4 1 1
unciv-mod-manager/internal/app/selfupdate.go:218.3,218.14 1 1
unciv-mod-manager/internal/app/selfupdate.go:218.14,220.4 1 1
unciv-mod-manager/internal/app/selfupdate.go:222.2,222.10 1 1
unciv-mod-manager/internal/app/selfupdate.go:225.31,229.26 4 1
unciv-mod-manager/internal/app/selfupdate.go:229.26,231.17 2 1
unciv-mod-manager/internal/app/selfupdate.go:231.17,232.12 1 1
unciv-mod-manager/internal/app/selfupdate.go:234.3,234.25 1 1
unciv-mod-manager/internal/app/selfupdate.go:236.2,236.13 1 1
unciv-mod-manager/internal/app/translate.go:30.58,32.16 2 0
unciv-mod-manager/internal/app/translate.go:32.16,34.3 1 0
unciv-mod-manager/internal/app/translate.go:35.2,36.20 2 0
unciv-mod-manager/internal/app/translate.go:36.20,38.3 1 0
unciv-mod-manager/internal/app/translate.go:39.2,39.18 1 0
unciv-mod-manager/internal/app/translate.go:40.23,41.35 1 0
unciv-mod-manager/internal/app/translate.go:42.23,43.37 1 0
unciv-mod-manager/internal/app/translate.go:44.10,45.38 1 0
unciv-mod-manager/internal/app/translate.go:53.58,64.16 9 0
unciv-mod-manager/internal/app/translate.go:64.16,66.3 1 0
unciv-mod-manager/internal/app/translate.go:67.2,69.38 2 0
unciv-mod-manager/internal/app/translate.go:69.38,71.3 1 0
unciv-mod-manager/internal/app/translate.go:72.2,75.67 2 0
unciv-mod-manager/internal/app/translate.go:75.67,77.3 1 0
unciv-mod-manager/internal/app/translate.go:78.2,78.58 1 0
unciv-mod-manager/internal/app/translate.go:78.58,80.3 1 0
unciv-mod-manager/internal/app/translate.go:81.2,81.44 1 0
unciv-mod-manager/internal/app/translate.go:88.55,105.16 14 0
unciv-mod-manager/internal/app/translate.go:105.16,107.3 1 0
unciv-mod-manager/internal/app/translate.go:108.2,110.38 2 0
unciv-mod-manager/internal/app/translate.go:110.38,112.3 1 0
unciv-mod-manager/internal/app/translate.go:113.2,118.67 2 0
unciv-mod-manager/internal/app/translate.go:118.67,120.3 1 0
unciv-mod-manager/internal/app/translate.go:121.2,121.54 1 0
unciv-mod-manager/internal/app/translate.go:121.54,123.3 1 0
unciv-mod-manager/internal/app/translate.go:124.2,124.27 1 0
unciv-mod-manager/internal/app/translate.go:124.27,126.3 1 0
unciv-mod-manager/internal/app/translate.go:127.2,127.28 1 0
unciv-mod-manager/internal/app/translate.go:132.64,136.19 4 0
unciv-mod-manager/internal/app/translate.go:136.19,138.3 1 0
unciv-mod-manager/internal/app/translate.go:139.2,139.18 1 0
unciv-mod-manager/internal/app/translate.go:139.18,141.3 1 0
unciv-mod-manager/internal/app/translate.go:142.2,142.17 1 0
unciv-mod-manager/internal/app/translate.go:142.17,144.3 1 0
unciv-mod-manager/internal/app/translate.go:146.2,162.16 8 0
unciv-mod-manager/internal/app/translate.go:162.16,164.3 1 0
unciv-mod-manager/internal/app/translate.go:165.2,167.38 2 0
unciv-mod-manager/internal/app/translate.go:167.38,169.3 1 0
unciv-mod-manager/internal/app/translate.go:170.2,175.67 2 0
unciv-mod-manager/internal/app/translate.go:175.67,177.3 1 0
unciv-mod-manager/internal/app/translate.go:178.2,178.30 1 0
unciv-mod-manager/internal/app/translate.go:178.30,180.3 1 0
unciv-mod-manager/internal/app/translate.go:181.2,181.66 1 0
unciv-mod-manager/internal/app/translate.go:186.50,188.16 2 0
unciv-mod-manager/internal/app/translate.go:188.16,190.3 1 0
unciv-mod-manager/internal/app/translate.go:191.2,191.37 1 0
unciv-mod-manager/internal/app/translate.go:194.41,204.2 8 0
unciv-mod-manager/internal/app/translate.go:206.23,210.2 3 0
unciv-mod-manager/internal/app/translate.go:212.46,215.15 3 0
unciv-mod-manager/internal/app/translate.go:215.15,217.3 1 0
unciv-mod-manager/internal/app/translate.go:218.2,218.70 1 0
unciv-mod-manager/internal/app/updater.go:26.58,29.16 3 0
unciv-mod-manager/internal/app/updater.go:29.16,31.3 1 0
unciv-mod-manager/internal/app/updater.go:33.2,34.20 2 0
unciv-mod-manager/internal/app/updater.go:34.20,36.3 1 0
unciv-mod-manager/internal/app/updater.go:39.2,40.47 2 0
unciv-mod-manager/internal/app/updater.go:40.47,42.18 2 0
unciv-mod-manager/internal/app/updater.go:42.18,44.4 1 0
unciv-mod-manager/internal/app/updater.go:45.3,47.39 3 0
unciv-mod-manager/internal/app/updater.go:47.39,49.4 1 0
unciv-mod-manager/internal/app/updater.go:50.3,50.14 1 0
unciv-mod-manager/internal/app/updater.go:54.2,55.16 2 0
unciv-mod-manager/internal/app/updater.go:55.16,57.3 1 0
unciv-mod-manager/internal/app/updater.go:59.2,60.27 2 0
unciv-mod-manager/internal/app/updater.go:60.27,61.23 1 0
unciv-mod-manager/internal/app/updater.go:61.23,62.12 1 0
unciv-mod-manager/internal/app/updater.go:64.3,65.17 2 0
unciv-mod-manager/internal/app/updater.go:65.17,66.12 1 0
unciv-mod-manager/internal/app/updater.go:68.3,70.10 3 0
unciv-mod-manager/internal/app/updater.go:70.10,72.12 1 0
unciv-mod-manager/internal/app/updater.go:75.3,85.28 2 0
unciv-mod-manager/internal/app/updater.go:85.28,88.4 1 0
unciv-mod-manager/internal/app/updater.go:88.9,88.45 1 0
unciv-mod-manager/internal/app/updater.go:88.45,90.4 1 0
unciv-mod-manager/internal/app/updater.go:92.3,92.34 1 0
unciv-mod-manager/internal/app/updater.go:95.2,95.20 1 0
unciv-mod-manager/internal/app/updater.go:95.20,97.3 1 0
unciv-mod-manager/internal/app/updater.go:98.2,98.21 1 0
unciv-mod-manager/internal/app/updater.go:103.64,105.16 2 0
unciv-mod-manager/internal/app/updater.go:105.16,107.3 1 0
unciv-mod-manager/internal/app/updater.go:108.2,109.25 2 0
unciv-mod-manager/internal/app/updater.go:109.25,110.25 1 0
unciv-mod-manager/internal/app/updater.go:110.25,112.9 2 0
unciv-mod-manager/internal/app/updater.go:115.2,115.25 1 0
unciv-mod-manager/internal/app/updater.go:115.25,117.3 1 0
unciv-mod-manager/internal/app/updater.go:119.2,120.16 2 0
unciv-mod-manager/internal/app/updater.go:120.16,122.3 1 0
unciv-mod-manager/internal/app/updater.go:124.2,125.41 2 0
unciv-mod-manager/internal/app/updater.go:130.77,132.28 2 0
unciv-mod-manager/internal/app/updater.go:132.28,133.19 1 0
unciv-mod-manager/internal/app/updater.go:133.19,134.12 1 0
unciv-mod-manager/internal/app/updater.go:136.3,137.17 2 0
unciv-mod-manager/internal/app/updater.go:137.17,138.12 1 0
unciv-mod-manager/internal/app/updater.go:140.3,140.24 1 0
unciv-mod-manager/internal/app/updater.go:142.2,142.19 1 0
unciv-mod-manager/internal/app/updater.go:142.19,144.3 1 0
unciv-mod-manager/internal/app/updater.go:145.2,145.17 1 0
unciv-mod-manager/internal/app/vanilla_types.go:152.38,155.2 1 1
unciv-mod-manager/internal/app/wesnoth.go:58.68,60.16 2 0
unciv-mod-manager/internal/app/wesnoth.go:60.16,62.3 1 0
unciv-mod-manager/internal/app/wesnoth.go:64.2,68.29 4 0
unciv-mod-manager/internal/app/wesnoth.go:68.29,70.95 2 0
unciv-mod-manager/internal/app/wesnoth.go:70.95,71.12 1 0
unciv-mod-manager/internal/app/wesnoth.go:73.3,75.30 3 0
unciv-mod-manager/internal/app/wesnoth.go:75.30,77.18 2 0
unciv-mod-manager/internal/app/wesnoth.go:77.18,78.13 1 0
unciv-mod-manager/internal/app/wesnoth.go:80.4,81.30 2 0
unciv-mod-manager/internal/app/wesnoth.go:83.3,83.19 1 0
unciv-mod-manager/internal/app/wesnoth.go:83.19,85.24 2 0
unciv-mod-manager/internal/app/wesnoth.go:85.24,87.5 1 0
unciv-mod-manager/internal/app/wesnoth.go:91.2,91.20 1 0
unciv-mod-manager/internal/app/wesnoth.go:91.20,93.3 1 0
unciv-mod-manager/internal/app/wesnoth.go:98.2,100.27 3 0
unciv-mod-manager/internal/app/wesnoth.go:100.27,101.31 1 0
unciv-mod-manager/internal/app/wesnoth.go:101.31,103.4 1 0
unciv-mod-manager/internal/app/wesnoth.go:107.2,108.21 2 0
unciv-mod-manager/internal/app/wesnoth.go:108.21,110.3 1 0
unciv-mod-manager/internal/app/wesnoth.go:111.2,115.74 5 0
unciv-mod-manager/internal/app/wesnoth.go:115.74,117.3 1 0
unciv-mod-manager/internal/app/wesnoth.go:118.2,118.21 1 0
unciv-mod-manager/internal/app/wesnoth.go:124.41,126.47 2 1
unciv-mod-manager/internal/app/wesnoth.go:126.47,127.45 1 0
unciv-mod-manager/internal/app/wesnoth.go:127.45,129.4 1 0
unciv-mod-manager/internal/app/wesnoth.go:131.2,131.38 1 1
unciv-mod-manager/internal/app/wesnoth.go:131.38,133.3 1 1
unciv-mod-manager/internal/app/wesnoth.go:135.2,135.47 1 1
unciv-mod-manager/internal/app/wesnoth.go:135.47,136.45 1 0
unciv-mod-manager/internal/app/wesnoth.go:136.45,138.4 1 0
unciv-mod-manager/internal/app/wesnoth.go:140.2,140.20 1 1
